#
# A fatal error has been detected by the Java Runtime Environment:
#
#  SIGBUS (0xa) at pc=0x000000071b588000, pid=1243, tid=18947
#
# JRE version: Java(TM) SE Runtime Environment (8.0_74-b02) (build 1.8.0_74-b02)
# Java VM: Java HotSpot(TM) 64-Bit Server VM (25.74-b02 mixed mode bsd-amd64 compressed oops)
# Problematic frame:
# C  0x000000071b588000
#
# Failed to write core dump. Core dumps have been disabled. To enable core dumping, try "ulimit -c unlimited" before starting Java again
#
# If you would like to submit a bug report, please visit:
#   http://bugreport.java.com/bugreport/crash.jsp
#

---------------  T H R E A D  ---------------

Current thread (0x00007f8e2a817000):  JavaThread "JDWP Transport Listener: dt_socket" daemon [_thread_in_vm, id=18947, stack(0x0000700000ec4000,0x0000700000fc4000)]

siginfo: si_signo: 10 (SIGBUS), si_code: 2 (BUS_ADRERR), si_addr: 0x000000071b588000

Registers:
RAX=0x00007f8e2a3333d8, RBX=0x00007f8e28e23800, RCX=0x0000000109e15340, RDX=0x0000700000fc3a8b
RSP=0x0000700000fc39c8, RBP=0x0000700000fc39e0, RSI=0x00007f8e2a817000, RDI=0x00007f8e28e23800
R8 =0x0000000000000000, R9 =0x00007f8e28e23c70, R10=0x00000000bb31ae67, R11=0x00007f8e28e00000
R12=0x00007f8e2a817000, R13=0x00007f8e28e23c50, R14=0x00007f8e28e23c50, R15=0x00007f8e28c15ed0
RIP=0x000000071b588000, EFLAGS=0x0000000000010216, ERR=0x0000000000000015
  TRAPNO=0x000000000000000e

Top of Stack: (sp=0x0000700000fc39c8)
0x0000700000fc39c8:   0000000109a462df 0000700000fc3a8b
0x0000700000fc39d8:   0000700000fc3a8b 0000700000fc3a40
0x0000700000fc39e8:   00000001099552fe 00007f8e2a817000
0x0000700000fc39f8:   0000000000000000 0000000000000000
0x0000700000fc3a08:   0000000000000000 00007f8e2a817000
0x0000700000fc3a18:   00007f8e2a817000 0000700000fc3a8b
0x0000700000fc3a28:   0000700000fc3a90 00007f8e28e23c50
0x0000700000fc3a38:   000000000000001a 0000700000fc3a60
0x0000700000fc3a48:   000000010a5e4780 0000000000000001
0x0000700000fc3a58:   0000700000fc3b08 0000700000fc3ad0
0x0000700000fc3a68:   000000010a5c91f3 0000700000fc3aa0
0x0000700000fc3a78:   00007f8e28e24180 0000001b00000032
0x0000700000fc3a88:   0000000a00fc3b08 0000000000000000
0x0000700000fc3a98:   0000000000000000 0000000000000000
0x0000700000fc3aa8:   0000700000fc3c90 000000010a5ebe7a
0x0000700000fc3ab8:   00007f8e2a0207b0 0000700000fc3b08
0x0000700000fc3ac8:   000000010a5f7598 0000700000fc3ae0
0x0000700000fc3ad8:   000000010a5c92ec 0000700000fc3d00
0x0000700000fc3ae8:   000000010a5d2898 0000512c00000013
0x0000700000fc3af8:   00000000000f0200 00007f8e2a01b280
0x0000700000fc3b08:   00007f8e2980236d 00007f8e000005f3
0x0000700000fc3b18:   00007f8e28e02800 000000000000012c
0x0000700000fc3b28:   0000700000fc3b58 00007f8e28e029d0
0x0000700000fc3b38:   0000000000000000 0000512c0000000f
0x0000700000fc3b48:   00007fff0000ac80 0000700000fc3b58
0x0000700000fc3b58:   8e7f00001b000000 0a000000d00c272a
0x0000700000fc3b68:   614e656c706d6973 4c284c000000656d
0x0000700000fc3b78:   696c63652f67726f 2f74646a2f657370
0x0000700000fc3b88:   6d6f642f65726f63 4e656c706d69532f
0x0000700000fc3b98:   6e494c293b656d61 616964656d726574
0x0000700000fc3ba8:   2f6c65646f4d6574 6361667265746e69
0x0000700000fc3bb8:   52545341492f7365 0000000000003b45 

Instructions: (pc=0x000000071b588000)
0x000000071b587fe0:   00 00 00 00 00 00 00 00 01 00 00 00 00 00 00 00
0x000000071b587ff0:   6d 01 00 f8 02 00 00 00 00 00 00 00 00 00 00 00
0x000000071b588000:   09 00 00 00 00 00 00 00 e5 01 00 f8 00 00 00 00
0x000000071b588010:   09 00 00 00 00 00 00 00 da 02 00 f8 02 30 6b e3 

Register to memory mapping:

RAX=0x00007f8e2a3333d8 is a global jni handle
RBX=0x00007f8e28e23800 is an unknown value
RCX=0x0000000109e15340: UseMembar+0 in /Library/Java/JavaVirtualMachines/jdk1.8.0_74.jdk/Contents/Home/jre/lib/server/libjvm.dylib at 0x0000000109600000
RDX=0x0000700000fc3a8b is pointing into the stack for thread: 0x00007f8e2a817000
RSP=0x0000700000fc39c8 is pointing into the stack for thread: 0x00007f8e2a817000
RBP=0x0000700000fc39e0 is pointing into the stack for thread: 0x00007f8e2a817000
RSI=0x00007f8e2a817000 is a thread
RDI=0x00007f8e28e23800 is an unknown value
R8 =0x0000000000000000 is an unknown value
R9 =0x00007f8e28e23c70 is an unknown value
R10=0x00000000bb31ae67 is an unknown value
R11=0x00007f8e28e00000 is an unknown value
R12=0x00007f8e2a817000 is a thread
R13=0x00007f8e28e23c50 is an unknown value
R14=0x00007f8e28e23c50 is an unknown value
R15=0x00007f8e28c15ed0 is an unknown value


Stack: [0x0000700000ec4000,0x0000700000fc4000],  sp=0x0000700000fc39c8,  free space=1022k
Native frames: (J=compiled Java code, j=interpreted, Vv=VM code, C=native code)
C  0x000000071b588000
V  [libjvm.dylib+0x3552fe]  jvmti_IsMethodSynthetic+0xb2
C  [libjdwp.dylib+0x20780]  isMethodSynthetic+0x63
C  [libjdwp.dylib+0x51f3]  methods1+0x10b
C  [libjdwp.dylib+0x52ec]  methodsWithGeneric+0xe
C  [libjdwp.dylib+0xe898]  debugLoop_run+0x1ce
C  [libjdwp.dylib+0x1f6ba]  attachThread+0x4d
V  [libjvm.dylib+0x39665c]  JvmtiAgentThread::call_start_function()+0x38
V  [libjvm.dylib+0x560e03]  JavaThread::thread_main_inner()+0x9b
V  [libjvm.dylib+0x5624fe]  JavaThread::run()+0x1c2
V  [libjvm.dylib+0x482eda]  java_start(Thread*)+0xf6
C  [libsystem_pthread.dylib+0x399d]  _pthread_body+0x83
C  [libsystem_pthread.dylib+0x391a]  _pthread_body+0x0
C  [libsystem_pthread.dylib+0x1351]  thread_start+0xd
C  0x0000000000000000


---------------  P R O C E S S  ---------------

Java Threads: ( => current thread )
  0x00007f8e2b81d800 JavaThread "Service Thread" daemon [_thread_blocked, id=22531, stack(0x00007000015d9000,0x00007000016d9000)]
  0x00007f8e2904c000 JavaThread "C1 CompilerThread3" daemon [_thread_blocked, id=22019, stack(0x00007000014d6000,0x00007000015d6000)]
  0x00007f8e2d002000 JavaThread "C2 CompilerThread2" daemon [_thread_blocked, id=21507, stack(0x00007000013d3000,0x00007000014d3000)]
  0x00007f8e2d001000 JavaThread "C2 CompilerThread1" daemon [_thread_blocked, id=20995, stack(0x00007000012d0000,0x00007000013d0000)]
  0x00007f8e2b81c800 JavaThread "C2 CompilerThread0" daemon [_thread_blocked, id=20483, stack(0x00007000011cd000,0x00007000012cd000)]
  0x00007f8e29803000 JavaThread "JDWP Command Reader" daemon [_thread_in_native, id=19971, stack(0x00007000010ca000,0x00007000011ca000)]
  0x00007f8e2a816000 JavaThread "JDWP Event Helper Thread" daemon [_thread_blocked, id=19459, stack(0x0000700000fc7000,0x00007000010c7000)]
=>0x00007f8e2a817000 JavaThread "JDWP Transport Listener: dt_socket" daemon [_thread_in_vm, id=18947, stack(0x0000700000ec4000,0x0000700000fc4000)]
  0x00007f8e2b011000 JavaThread "Signal Dispatcher" daemon [_thread_blocked, id=15887, stack(0x0000700000dc1000,0x0000700000ec1000)]
  0x00007f8e2b80a000 JavaThread "Finalizer" daemon [_thread_blocked, id=14339, stack(0x0000700000c3b000,0x0000700000d3b000)]
  0x00007f8e2a813000 JavaThread "Reference Handler" daemon [_thread_blocked, id=13827, stack(0x0000700000b38000,0x0000700000c38000)]
  0x00007f8e2a801800 JavaThread "main" [_thread_blocked, id=5891, stack(0x000070000011a000,0x000070000021a000)]

Other Threads:
  0x00007f8e2a810800 VMThread [stack: 0x0000700000a35000,0x0000700000b35000] [id=13315]
  0x00007f8e29801000 WatcherThread [stack: 0x00007000016dc000,0x00007000017dc000] [id=23043]

VM state:not at safepoint (normal execution)

VM Mutex/Monitor currently owned by a thread: None

Heap:
 PSYoungGen      total 76288K, used 21120K [0x0000000717580000, 0x000000071ca80000, 0x00000007c0000000)
  eden space 65536K, 15% used [0x0000000717580000,0x0000000717fa6808,0x000000071b580000)
  from space 10752K, 99% used [0x000000071b580000,0x000000071bff98d0,0x000000071c000000)
  to   space 10752K, 0% used [0x000000071c000000,0x000000071c000000,0x000000071ca80000)
 ParOldGen       total 175104K, used 1308K [0x00000005c6000000, 0x00000005d0b00000, 0x0000000717580000)
  object space 175104K, 0% used [0x00000005c6000000,0x00000005c6147068,0x00000005d0b00000)
 Metaspace       used 13746K, capacity 13860K, committed 14080K, reserved 1062912K
  class space    used 1480K, capacity 1520K, committed 1536K, reserved 1048576K

Card table byte_map: [0x00000001199cf000,0x000000011a9a0000] byte_map_base: 0x0000000116b9f000

Marking Bits: (ParMarkBitMap*) 0x0000000109ee3ea0
 Begin Bits: [0x000000011b42b000, 0x00000001232ab000)
 End Bits:   [0x00000001232ab000, 0x000000012b12b000)

Polling page: 0x00000001085d7000

CodeCache: size=245760Kb used=4367Kb max_used=4367Kb free=241392Kb
 bounds [0x000000010a60f000, 0x000000010aa5f000, 0x000000011960f000]
 total_blobs=1278 nmethods=958 adapters=242
 compilation: enabled

Compilation events (10 events):
Event: 1.136 Thread 0x00007f8e2904c000  955       3       java.io.File::length (33 bytes)
Event: 1.136 Thread 0x00007f8e2904c000 nmethod 955 0x000000010aa54f90 code [0x000000010aa55140, 0x000000010aa55568]
Event: 1.136 Thread 0x00007f8e2904c000  957       3       sun.misc.URLClassPath$FileLoader$1::getCodeSourceURL (8 bytes)
Event: 1.136 Thread 0x00007f8e2904c000 nmethod 957 0x000000010aa55690 code [0x000000010aa55800, 0x000000010aa559f0]
Event: 1.136 Thread 0x00007f8e2904c000  958       3       sun.misc.URLClassPath$FileLoader$1::getInputStream (12 bytes)
Event: 1.136 Thread 0x00007f8e2904c000 nmethod 958 0x000000010aa55a90 code [0x000000010aa55c00, 0x000000010aa55de8]
Event: 1.136 Thread 0x00007f8e2904c000  959       3       sun.misc.URLClassPath$FileLoader$1::getContentLength (9 bytes)
Event: 1.137 Thread 0x00007f8e2904c000 nmethod 959 0x000000010aa55e90 code [0x000000010aa56040, 0x000000010aa564c8]
Event: 1.137 Thread 0x00007f8e2904c000  960       3       org.eclipse.jdt.core.dom.ASTNode$NodeList::size (8 bytes)
Event: 1.137 Thread 0x00007f8e2904c000 nmethod 960 0x000000010aa56690 code [0x000000010aa56800, 0x000000010aa56990]

GC Heap History (2 events):
Event: 1.015 GC heap before
{Heap before GC invocations=1 (full 0):
 PSYoungGen      total 76288K, used 65536K [0x0000000717580000, 0x000000071ca80000, 0x00000007c0000000)
  eden space 65536K, 100% used [0x0000000717580000,0x000000071b580000,0x000000071b580000)
  from space 10752K, 0% used [0x000000071c000000,0x000000071c000000,0x000000071ca80000)
  to   space 10752K, 0% used [0x000000071b580000,0x000000071b580000,0x000000071c000000)
 ParOldGen       total 175104K, used 0K [0x00000005c6000000, 0x00000005d0b00000, 0x0000000717580000)
  object space 175104K, 0% used [0x00000005c6000000,0x00000005c6000000,0x00000005d0b00000)
 Metaspace       used 11723K, capacity 11844K, committed 11904K, reserved 1060864K
  class space    used 1325K, capacity 1360K, committed 1408K, reserved 1048576K
Event: 1.024 GC heap after
Heap after GC invocations=1 (full 0):
 PSYoungGen      total 76288K, used 10726K [0x0000000717580000, 0x000000071ca80000, 0x00000007c0000000)
  eden space 65536K, 0% used [0x0000000717580000,0x0000000717580000,0x000000071b580000)
  from space 10752K, 99% used [0x000000071b580000,0x000000071bff98d0,0x000000071c000000)
  to   space 10752K, 0% used [0x000000071c000000,0x000000071c000000,0x000000071ca80000)
 ParOldGen       total 175104K, used 1308K [0x00000005c6000000, 0x00000005d0b00000, 0x0000000717580000)
  object space 175104K, 0% used [0x00000005c6000000,0x00000005c6147068,0x00000005d0b00000)
 Metaspace       used 11723K, capacity 11844K, committed 11904K, reserved 1060864K
  class space    used 1325K, capacity 1360K, committed 1408K, reserved 1048576K
}

Deoptimization events (10 events):
Event: 0.605 Thread 0x00007f8e2a801800 Uncommon trap: reason=class_check action=maybe_recompile pc=0x000000010a8f24e0 method=java.util.HashMap.putVal(ILjava/lang/Object;Ljava/lang/Object;ZZ)Ljava/lang/Object; @ 91
Event: 0.605 Thread 0x00007f8e2a801800 Uncommon trap: reason=class_check action=maybe_recompile pc=0x000000010a8f24e0 method=java.util.HashMap.putVal(ILjava/lang/Object;Ljava/lang/Object;ZZ)Ljava/lang/Object; @ 91
Event: 0.605 Thread 0x00007f8e2a801800 Uncommon trap: reason=predicate action=maybe_recompile pc=0x000000010a86c7c4 method=sun.net.www.ParseUtil.encodePath(Ljava/lang/String;Z)Ljava/lang/String; @ 36
Event: 0.605 Thread 0x00007f8e2a801800 Uncommon trap: reason=unstable_if action=reinterpret pc=0x000000010a860d7c method=sun.net.www.ParseUtil.encodePath(Ljava/lang/String;Z)Ljava/lang/String; @ 44
Event: 0.606 Thread 0x00007f8e2a801800 Uncommon trap: reason=unstable_if action=reinterpret pc=0x000000010a8323c8 method=sun.misc.MetaIndex.mayContain(Ljava/lang/String;)Z @ 13
Event: 0.606 Thread 0x00007f8e2a801800 Uncommon trap: reason=unstable_if action=reinterpret pc=0x000000010a816cf0 method=sun.misc.MetaIndex.mayContain(Ljava/lang/String;)Z @ 13
Event: 0.609 Thread 0x00007f8e2a801800 Uncommon trap: reason=unstable_if action=reinterpret pc=0x000000010a7cb868 method=java.lang.String.indexOf([CII[CIII)I @ 134
Event: 0.611 Thread 0x00007f8e2a801800 Uncommon trap: reason=unstable_if action=reinterpret pc=0x000000010a841514 method=java.util.HashMap.getNode(ILjava/lang/Object;)Ljava/util/HashMap$Node; @ 116
Event: 0.611 Thread 0x00007f8e2a801800 Uncommon trap: reason=unstable_if action=reinterpret pc=0x000000010a800390 method=java.util.HashMap.getNode(ILjava/lang/Object;)Ljava/util/HashMap$Node; @ 116
Event: 0.820 Thread 0x00007f8e2a801800 Uncommon trap: reason=unstable_if action=reinterpret pc=0x000000010a7762d4 method=java.util.jar.Manifest$FastInputStream.peek()B @ 8

Internal exceptions (7 events):
Event: 0.027 Thread 0x00007f8e2a801800 Exception <a 'java/lang/NoSuchMethodError': Method sun.misc.Unsafe.defineClass(Ljava/lang/String;[BII)Ljava/lang/Class; name or signature does not match> (0x0000000717587cc0) thrown at [/Users/java_re/workspace/8-2-build-macosx-x86_64/jdk8u74/6087/hotspot
Event: 0.027 Thread 0x00007f8e2a801800 Exception <a 'java/lang/NoSuchMethodError': Method sun.misc.Unsafe.prefetchRead(Ljava/lang/Object;J)V name or signature does not match> (0x0000000717587fa8) thrown at [/Users/java_re/workspace/8-2-build-macosx-x86_64/jdk8u74/6087/hotspot/src/share/vm/prim
Event: 0.606 Thread 0x00007f8e2a801800 Exception <a 'java/security/PrivilegedActionException'> (0x0000000719c3e0e8) thrown at [/Users/java_re/workspace/8-2-build-macosx-x86_64/jdk8u74/6087/hotspot/src/share/vm/prims/jvm.cpp, line 1386]
Event: 0.606 Thread 0x00007f8e2a801800 Exception <a 'java/security/PrivilegedActionException'> (0x0000000719c3e2f8) thrown at [/Users/java_re/workspace/8-2-build-macosx-x86_64/jdk8u74/6087/hotspot/src/share/vm/prims/jvm.cpp, line 1386]
Event: 0.606 Thread 0x00007f8e2a801800 Exception <a 'java/security/PrivilegedActionException'> (0x0000000719c41780) thrown at [/Users/java_re/workspace/8-2-build-macosx-x86_64/jdk8u74/6087/hotspot/src/share/vm/prims/jvm.cpp, line 1386]
Event: 0.606 Thread 0x00007f8e2a801800 Exception <a 'java/security/PrivilegedActionException'> (0x0000000719c41990) thrown at [/Users/java_re/workspace/8-2-build-macosx-x86_64/jdk8u74/6087/hotspot/src/share/vm/prims/jvm.cpp, line 1386]
Event: 0.989 Thread 0x00007f8e2a801800 Exception <a 'java/lang/ArrayIndexOutOfBoundsException': 2902> (0x000000071b4b2150) thrown at [/Users/java_re/workspace/8-2-build-macosx-x86_64/jdk8u74/6087/hotspot/src/share/vm/interpreter/interpreterRuntime.cpp, line 366]

Events (10 events):
Event: 263.861 Executing VM operation: GetOrSetLocal
Event: 263.861 Executing VM operation: GetOrSetLocal done
Event: 289.807 Executing VM operation: ForceSafepoint
Event: 289.807 Executing VM operation: ForceSafepoint done
Event: 352.426 Executing VM operation: ChangeBreakpoints
Event: 352.426 Executing VM operation: ChangeBreakpoints done
Event: 352.427 Executing VM operation: ChangeBreakpoints
Event: 352.427 Executing VM operation: ChangeBreakpoints done
Event: 352.443 Executing VM operation: RedefineClasses
Event: 352.562 Executing VM operation: RedefineClasses done


Dynamic libraries:
0x0000000007550000 	/System/Library/Frameworks/Cocoa.framework/Versions/A/Cocoa
0x0000000007550000 	/System/Library/Frameworks/Security.framework/Versions/A/Security
0x0000000007550000 	/System/Library/Frameworks/ApplicationServices.framework/Versions/A/ApplicationServices
0x0000000007550000 	/usr/lib/libz.1.dylib
0x0000000007550000 	/usr/lib/libSystem.B.dylib
0x0000000007550000 	/usr/lib/libobjc.A.dylib
0x0000000007550000 	/System/Library/Frameworks/CoreFoundation.framework/Versions/A/CoreFoundation
0x0000000007550000 	/System/Library/Frameworks/Foundation.framework/Versions/C/Foundation
0x0000000007550000 	/System/Library/Frameworks/AppKit.framework/Versions/C/AppKit
0x0000000007550000 	/System/Library/Frameworks/CoreData.framework/Versions/A/CoreData
0x0000000007550000 	/System/Library/PrivateFrameworks/RemoteViewServices.framework/Versions/A/RemoteViewServices
0x0000000007550000 	/System/Library/PrivateFrameworks/UIFoundation.framework/Versions/A/UIFoundation
0x0000000007550000 	/usr/lib/libScreenReader.dylib
0x0000000007550000 	/System/Library/Frameworks/Accelerate.framework/Versions/A/Accelerate
0x0000000007550000 	/System/Library/Frameworks/IOSurface.framework/Versions/A/IOSurface
0x0000000007550000 	/System/Library/Frameworks/AudioToolbox.framework/Versions/A/AudioToolbox
0x0000000007550000 	/System/Library/Frameworks/AudioUnit.framework/Versions/A/AudioUnit
0x0000000007550000 	/System/Library/PrivateFrameworks/DataDetectorsCore.framework/Versions/A/DataDetectorsCore
0x0000000007550000 	/System/Library/PrivateFrameworks/DesktopServicesPriv.framework/Versions/A/DesktopServicesPriv
0x0000000007550000 	/System/Library/Frameworks/Carbon.framework/Versions/A/Frameworks/HIToolbox.framework/Versions/A/HIToolbox
0x0000000007550000 	/System/Library/Frameworks/QuartzCore.framework/Versions/A/QuartzCore
0x0000000007550000 	/System/Library/Frameworks/Carbon.framework/Versions/A/Frameworks/SpeechRecognition.framework/Versions/A/SpeechRecognition
0x0000000007550000 	/usr/lib/libauto.dylib
0x0000000007550000 	/usr/lib/libicucore.A.dylib
0x0000000007550000 	/usr/lib/libxml2.2.dylib
0x0000000007550000 	/System/Library/PrivateFrameworks/CoreUI.framework/Versions/A/CoreUI
0x0000000007550000 	/System/Library/Frameworks/CoreAudio.framework/Versions/A/CoreAudio
0x0000000007550000 	/System/Library/Frameworks/DiskArbitration.framework/Versions/A/DiskArbitration
0x0000000007550000 	/usr/lib/liblangid.dylib
0x0000000007550000 	/System/Library/PrivateFrameworks/MultitouchSupport.framework/Versions/A/MultitouchSupport
0x0000000007550000 	/System/Library/Frameworks/IOKit.framework/Versions/A/IOKit
0x0000000007550000 	/usr/lib/libDiagnosticMessagesClient.dylib
0x0000000007550000 	/System/Library/Frameworks/CoreServices.framework/Versions/A/CoreServices
0x0000000007550000 	/System/Library/PrivateFrameworks/PerformanceAnalysis.framework/Versions/A/PerformanceAnalysis
0x0000000007550000 	/System/Library/PrivateFrameworks/GenerationalStorage.framework/Versions/A/GenerationalStorage
0x0000000007550000 	/System/Library/Frameworks/OpenGL.framework/Versions/A/OpenGL
0x0000000007550000 	/System/Library/PrivateFrameworks/Sharing.framework/Versions/A/Sharing
0x0000000007550000 	/System/Library/Frameworks/CoreGraphics.framework/Versions/A/CoreGraphics
0x0000000007550000 	/System/Library/Frameworks/CoreImage.framework/Versions/A/CoreImage
0x0000000007550000 	/System/Library/Frameworks/CoreText.framework/Versions/A/CoreText
0x0000000007550000 	/System/Library/Frameworks/ImageIO.framework/Versions/A/ImageIO
0x0000000007550000 	/System/Library/PrivateFrameworks/Backup.framework/Versions/A/Backup
0x0000000007550000 	/usr/lib/libextension.dylib
0x0000000007550000 	/usr/lib/libarchive.2.dylib
0x0000000007550000 	/System/Library/Frameworks/CFNetwork.framework/Versions/A/CFNetwork
0x0000000007550000 	/System/Library/Frameworks/SystemConfiguration.framework/Versions/A/SystemConfiguration
0x0000000007550000 	/usr/lib/libCRFSuite.dylib
0x0000000007550000 	/usr/lib/libc++.1.dylib
0x0000000007550000 	/usr/lib/libc++abi.dylib
0x0000000007550000 	/usr/lib/system/libcache.dylib
0x0000000007550000 	/usr/lib/system/libcommonCrypto.dylib
0x0000000007550000 	/usr/lib/system/libcompiler_rt.dylib
0x0000000007550000 	/usr/lib/system/libcopyfile.dylib
0x0000000007550000 	/usr/lib/system/libcorecrypto.dylib
0x0000000007550000 	/usr/lib/system/libdispatch.dylib
0x0000000007550000 	/usr/lib/system/libdyld.dylib
0x0000000007550000 	/usr/lib/system/libkeymgr.dylib
0x0000000007550000 	/usr/lib/system/liblaunch.dylib
0x0000000007550000 	/usr/lib/system/libmacho.dylib
0x0000000007550000 	/usr/lib/system/libquarantine.dylib
0x0000000007550000 	/usr/lib/system/libremovefile.dylib
0x0000000007550000 	/usr/lib/system/libsystem_asl.dylib
0x0000000007550000 	/usr/lib/system/libsystem_blocks.dylib
0x0000000007550000 	/usr/lib/system/libsystem_c.dylib
0x0000000007550000 	/usr/lib/system/libsystem_configuration.dylib
0x0000000007550000 	/usr/lib/system/libsystem_coreservices.dylib
0x0000000007550000 	/usr/lib/system/libsystem_coretls.dylib
0x0000000007550000 	/usr/lib/system/libsystem_dnssd.dylib
0x0000000007550000 	/usr/lib/system/libsystem_info.dylib
0x0000000007550000 	/usr/lib/system/libsystem_kernel.dylib
0x0000000007550000 	/usr/lib/system/libsystem_m.dylib
0x0000000007550000 	/usr/lib/system/libsystem_malloc.dylib
0x0000000007550000 	/usr/lib/system/libsystem_network.dylib
0x0000000007550000 	/usr/lib/system/libsystem_networkextension.dylib
0x0000000007550000 	/usr/lib/system/libsystem_notify.dylib
0x0000000007550000 	/usr/lib/system/libsystem_platform.dylib
0x0000000007550000 	/usr/lib/system/libsystem_pthread.dylib
0x0000000007550000 	/usr/lib/system/libsystem_sandbox.dylib
0x0000000007550000 	/usr/lib/system/libsystem_secinit.dylib
0x0000000007550000 	/usr/lib/system/libsystem_trace.dylib
0x0000000007550000 	/usr/lib/system/libunc.dylib
0x0000000007550000 	/usr/lib/system/libunwind.dylib
0x0000000007550000 	/usr/lib/system/libxpc.dylib
0x0000000007550000 	/usr/lib/libenergytrace.dylib
0x0000000007550000 	/usr/lib/libbsm.0.dylib
0x0000000007550000 	/usr/lib/system/libkxld.dylib
0x0000000007550000 	/usr/lib/libxar.1.dylib
0x0000000007550000 	/usr/lib/libsqlite3.dylib
0x0000000007550000 	/usr/lib/libpam.2.dylib
0x0000000007550000 	/usr/lib/libOpenScriptingUtil.dylib
0x0000000007550000 	/usr/lib/libbz2.1.0.dylib
0x0000000007550000 	/usr/lib/liblzma.5.dylib
0x0000000007550000 	/System/Library/Frameworks/CoreServices.framework/Versions/A/Frameworks/FSEvents.framework/Versions/A/FSEvents
0x0000000007550000 	/System/Library/Frameworks/CoreServices.framework/Versions/A/Frameworks/CarbonCore.framework/Versions/A/CarbonCore
0x0000000007550000 	/System/Library/Frameworks/CoreServices.framework/Versions/A/Frameworks/Metadata.framework/Versions/A/Metadata
0x0000000007550000 	/System/Library/Frameworks/CoreServices.framework/Versions/A/Frameworks/OSServices.framework/Versions/A/OSServices
0x0000000007550000 	/System/Library/Frameworks/CoreServices.framework/Versions/A/Frameworks/SearchKit.framework/Versions/A/SearchKit
0x0000000007550000 	/System/Library/Frameworks/CoreServices.framework/Versions/A/Frameworks/AE.framework/Versions/A/AE
0x0000000007550000 	/System/Library/Frameworks/CoreServices.framework/Versions/A/Frameworks/LaunchServices.framework/Versions/A/LaunchServices
0x0000000007550000 	/System/Library/Frameworks/CoreServices.framework/Versions/A/Frameworks/DictionaryServices.framework/Versions/A/DictionaryServices
0x0000000007550000 	/System/Library/Frameworks/CoreServices.framework/Versions/A/Frameworks/SharedFileList.framework/Versions/A/SharedFileList
0x0000000007550000 	/System/Library/Frameworks/NetFS.framework/Versions/A/NetFS
0x0000000007550000 	/System/Library/PrivateFrameworks/NetAuth.framework/Versions/A/NetAuth
0x0000000007550000 	/System/Library/PrivateFrameworks/login.framework/Versions/A/Frameworks/loginsupport.framework/Versions/A/loginsupport
0x0000000007550000 	/System/Library/PrivateFrameworks/TCC.framework/Versions/A/TCC
0x0000000007550000 	/usr/lib/libmecabra.dylib
0x0000000007550000 	/System/Library/Frameworks/ApplicationServices.framework/Versions/A/Frameworks/ATS.framework/Versions/A/ATS
0x0000000007550000 	/System/Library/Frameworks/ApplicationServices.framework/Versions/A/Frameworks/ColorSync.framework/Versions/A/ColorSync
0x0000000007550000 	/System/Library/Frameworks/ApplicationServices.framework/Versions/A/Frameworks/HIServices.framework/Versions/A/HIServices
0x0000000007550000 	/System/Library/Frameworks/ApplicationServices.framework/Versions/A/Frameworks/LangAnalysis.framework/Versions/A/LangAnalysis
0x0000000007550000 	/System/Library/Frameworks/ApplicationServices.framework/Versions/A/Frameworks/PrintCore.framework/Versions/A/PrintCore
0x0000000007550000 	/System/Library/Frameworks/ApplicationServices.framework/Versions/A/Frameworks/QD.framework/Versions/A/QD
0x0000000007550000 	/System/Library/Frameworks/ApplicationServices.framework/Versions/A/Frameworks/SpeechSynthesis.framework/Versions/A/SpeechSynthesis
0x0000000007550000 	/System/Library/Frameworks/Metal.framework/Versions/A/Metal
0x0000000007550000 	/System/Library/Frameworks/Accelerate.framework/Versions/A/Frameworks/vImage.framework/Versions/A/vImage
0x0000000007550000 	/System/Library/Frameworks/Accelerate.framework/Versions/A/Frameworks/vecLib.framework/Versions/A/vecLib
0x0000000007550000 	/System/Library/Frameworks/Accelerate.framework/Versions/A/Frameworks/vecLib.framework/Versions/A/libvDSP.dylib
0x0000000007550000 	/System/Library/Frameworks/Accelerate.framework/Versions/A/Frameworks/vecLib.framework/Versions/A/libvMisc.dylib
0x0000000007550000 	/System/Library/Frameworks/Accelerate.framework/Versions/A/Frameworks/vecLib.framework/Versions/A/libLAPACK.dylib
0x0000000007550000 	/System/Library/Frameworks/Accelerate.framework/Versions/A/Frameworks/vecLib.framework/Versions/A/libBLAS.dylib
0x0000000007550000 	/System/Library/Frameworks/Accelerate.framework/Versions/A/Frameworks/vecLib.framework/Versions/A/libLinearAlgebra.dylib
0x0000000007550000 	/System/Library/Frameworks/Accelerate.framework/Versions/A/Frameworks/vecLib.framework/Versions/A/libSparseBLAS.dylib
0x0000000007550000 	/System/Library/PrivateFrameworks/GPUCompiler.framework/libmetal_timestamp.dylib
0x0000000007550000 	/System/Library/Frameworks/OpenGL.framework/Versions/A/Libraries/libCoreFSCache.dylib
0x0000000007550000 	/System/Library/PrivateFrameworks/IOAccelerator.framework/Versions/A/IOAccelerator
0x0000000007550000 	/System/Library/Frameworks/ApplicationServices.framework/Versions/A/Frameworks/ATS.framework/Versions/A/Resources/libFontParser.dylib
0x0000000007550000 	/System/Library/Frameworks/ApplicationServices.framework/Versions/A/Frameworks/ATS.framework/Versions/A/Resources/libFontRegistry.dylib
0x0000000007550000 	/System/Library/PrivateFrameworks/AppleVPA.framework/Versions/A/AppleVPA
0x0000000007550000 	/System/Library/PrivateFrameworks/AppleJPEG.framework/Versions/A/AppleJPEG
0x0000000007550000 	/System/Library/Frameworks/ImageIO.framework/Versions/A/Resources/libJPEG.dylib
0x0000000007550000 	/System/Library/Frameworks/ImageIO.framework/Versions/A/Resources/libTIFF.dylib
0x0000000007550000 	/System/Library/Frameworks/ImageIO.framework/Versions/A/Resources/libPng.dylib
0x0000000007550000 	/System/Library/Frameworks/ImageIO.framework/Versions/A/Resources/libGIF.dylib
0x0000000007550000 	/System/Library/Frameworks/ImageIO.framework/Versions/A/Resources/libJP2.dylib
0x0000000007550000 	/System/Library/Frameworks/ImageIO.framework/Versions/A/Resources/libRadiance.dylib
0x0000000007550000 	/System/Library/Frameworks/CoreVideo.framework/Versions/A/CoreVideo
0x0000000007550000 	/System/Library/Frameworks/OpenGL.framework/Versions/A/Libraries/libGLU.dylib
0x0000000007550000 	/System/Library/Frameworks/OpenGL.framework/Versions/A/Libraries/libGFXShared.dylib
0x0000000007550000 	/System/Library/Frameworks/OpenGL.framework/Versions/A/Libraries/libGL.dylib
0x0000000007550000 	/System/Library/Frameworks/OpenGL.framework/Versions/A/Libraries/libGLImage.dylib
0x0000000007550000 	/System/Library/Frameworks/OpenGL.framework/Versions/A/Libraries/libCVMSPluginSupport.dylib
0x0000000007550000 	/System/Library/Frameworks/OpenGL.framework/Versions/A/Libraries/libCoreVMClient.dylib
0x0000000007550000 	/usr/lib/libcompression.dylib
0x0000000007550000 	/usr/lib/libcups.2.dylib
0x0000000007550000 	/System/Library/Frameworks/Kerberos.framework/Versions/A/Kerberos
0x0000000007550000 	/System/Library/Frameworks/GSS.framework/Versions/A/GSS
0x0000000007550000 	/usr/lib/libresolv.9.dylib
0x0000000007550000 	/usr/lib/libiconv.2.dylib
0x0000000007550000 	/System/Library/PrivateFrameworks/Heimdal.framework/Versions/A/Heimdal
0x0000000007550000 	/usr/lib/libheimdal-asn1.dylib
0x0000000007550000 	/System/Library/Frameworks/OpenDirectory.framework/Versions/A/OpenDirectory
0x0000000007550000 	/System/Library/PrivateFrameworks/CommonAuth.framework/Versions/A/CommonAuth
0x0000000007550000 	/System/Library/Frameworks/OpenDirectory.framework/Versions/A/Frameworks/CFOpenDirectory.framework/Versions/A/CFOpenDirectory
0x0000000007550000 	/System/Library/Frameworks/SecurityFoundation.framework/Versions/A/SecurityFoundation
0x0000000007550000 	/System/Library/PrivateFrameworks/LanguageModeling.framework/Versions/A/LanguageModeling
0x0000000007550000 	/usr/lib/libmarisa.dylib
0x0000000007550000 	/usr/lib/libChineseTokenizer.dylib
0x0000000007550000 	/usr/lib/libcmph.dylib
0x0000000007550000 	/System/Library/Frameworks/ServiceManagement.framework/Versions/A/ServiceManagement
0x0000000007550000 	/usr/lib/libxslt.1.dylib
0x0000000007550000 	/System/Library/Frameworks/Carbon.framework/Versions/A/Frameworks/Ink.framework/Versions/A/Ink
0x0000000007550000 	/usr/lib/libFosl_dynamic.dylib
0x0000000007550000 	/System/Library/PrivateFrameworks/FaceCore.framework/Versions/A/FaceCore
0x0000000007550000 	/System/Library/Frameworks/OpenCL.framework/Versions/A/OpenCL
0x0000000007550000 	/System/Library/PrivateFrameworks/CrashReporterSupport.framework/Versions/A/CrashReporterSupport
0x0000000007550000 	/System/Library/PrivateFrameworks/IconServices.framework/Versions/A/IconServices
0x0000000007550000 	/System/Library/PrivateFrameworks/Apple80211.framework/Versions/A/Apple80211
0x0000000007550000 	/System/Library/Frameworks/CoreWLAN.framework/Versions/A/CoreWLAN
0x0000000007550000 	/System/Library/Frameworks/IOBluetooth.framework/Versions/A/IOBluetooth
0x0000000007550000 	/System/Library/PrivateFrameworks/CoreWiFi.framework/Versions/A/CoreWiFi
0x0000000007550000 	/System/Library/Frameworks/CoreBluetooth.framework/Versions/A/CoreBluetooth
0x0000000007550000 	/System/Library/PrivateFrameworks/ChunkingLibrary.framework/Versions/A/ChunkingLibrary
0x0000000007550000 	/System/Library/PrivateFrameworks/DebugSymbols.framework/Versions/A/DebugSymbols
0x0000000007550000 	/System/Library/PrivateFrameworks/CoreSymbolication.framework/Versions/A/CoreSymbolication
0x0000000007550000 	/System/Library/PrivateFrameworks/Symbolication.framework/Versions/A/Symbolication
0x0000000007550000 	/System/Library/PrivateFrameworks/SpeechRecognitionCore.framework/Versions/A/SpeechRecognitionCore
0x0000000109600000 	/Library/Java/JavaVirtualMachines/jdk1.8.0_74.jdk/Contents/Home/jre/lib/server/libjvm.dylib
0x0000000007550000 	/usr/lib/libstdc++.6.dylib
0x00000001085c9000 	/Library/Java/JavaVirtualMachines/jdk1.8.0_74.jdk/Contents/Home/jre/lib/libverify.dylib
0x000000010a58f000 	/Library/Java/JavaVirtualMachines/jdk1.8.0_74.jdk/Contents/Home/jre/lib/libjava.dylib
0x000000010a5c4000 	/Library/Java/JavaVirtualMachines/jdk1.8.0_74.jdk/Contents/Home/jre/lib/libjdwp.dylib
0x00000001085d8000 	/Library/Java/JavaVirtualMachines/jdk1.8.0_74.jdk/Contents/Home/jre/lib/libnpt.dylib
0x00000001085e5000 	/Library/Java/JavaVirtualMachines/jdk1.8.0_74.jdk/Contents/Home/jre/lib/libzip.dylib
0x000000012e8e8000 	/System/Library/Frameworks/JavaVM.framework/Frameworks/JavaRuntimeSupport.framework/JavaRuntimeSupport
0x000000012e903000 	/System/Library/Frameworks/JavaVM.framework/Versions/A/Frameworks/JavaNativeFoundation.framework/Versions/A/JavaNativeFoundation
0x00000001085ef000 	/System/Library/Frameworks/JavaVM.framework/Versions/A/JavaVM
0x0000000007550000 	/System/Library/Frameworks/Carbon.framework/Versions/A/Carbon
0x000000012e918000 	/System/Library/PrivateFrameworks/JavaLaunching.framework/Versions/A/JavaLaunching
0x0000000007550000 	/System/Library/Frameworks/Carbon.framework/Versions/A/Frameworks/CommonPanels.framework/Versions/A/CommonPanels
0x0000000007550000 	/System/Library/Frameworks/Carbon.framework/Versions/A/Frameworks/Help.framework/Versions/A/Help
0x0000000007550000 	/System/Library/Frameworks/Carbon.framework/Versions/A/Frameworks/ImageCapture.framework/Versions/A/ImageCapture
0x0000000007550000 	/System/Library/Frameworks/Carbon.framework/Versions/A/Frameworks/OpenScripting.framework/Versions/A/OpenScripting
0x0000000007550000 	/System/Library/Frameworks/Carbon.framework/Versions/A/Frameworks/Print.framework/Versions/A/Print
0x0000000007550000 	/System/Library/Frameworks/Carbon.framework/Versions/A/Frameworks/SecurityHI.framework/Versions/A/SecurityHI
0x0000000130236000 	/Library/Java/JavaVirtualMachines/jdk1.8.0_74.jdk/Contents/Home/jre/lib/libdt_socket.dylib

VM Arguments:
jvm_args: -agentlib:jdwp=transport=dt_socket,address=127.0.0.1:50736,suspend=y,server=n -Xmx8096M -Dfile.encoding=UTF-8 
java_command: Main /Users/giovanni/repository/java-xal/intermediate-model/src/main/resources/SmallTest.java
java_class_path (initial): /Library/Java/JavaVirtualMachines/jdk1.8.0_74.jdk/Contents/Home/jre/lib/charsets.jar:/Library/Java/JavaVirtualMachines/jdk1.8.0_74.jdk/Contents/Home/jre/lib/deploy.jar:/Library/Java/JavaVirtualMachines/jdk1.8.0_74.jdk/Contents/Home/jre/lib/ext/cldrdata.jar:/Library/Java/JavaVirtualMachines/jdk1.8.0_74.jdk/Contents/Home/jre/lib/ext/dnsns.jar:/Library/Java/JavaVirtualMachines/jdk1.8.0_74.jdk/Contents/Home/jre/lib/ext/jaccess.jar:/Library/Java/JavaVirtualMachines/jdk1.8.0_74.jdk/Contents/Home/jre/lib/ext/jfxrt.jar:/Library/Java/JavaVirtualMachines/jdk1.8.0_74.jdk/Contents/Home/jre/lib/ext/localedata.jar:/Library/Java/JavaVirtualMachines/jdk1.8.0_74.jdk/Contents/Home/jre/lib/ext/nashorn.jar:/Library/Java/JavaVirtualMachines/jdk1.8.0_74.jdk/Contents/Home/jre/lib/ext/sunec.jar:/Library/Java/JavaVirtualMachines/jdk1.8.0_74.jdk/Contents/Home/jre/lib/ext/sunjce_provider.jar:/Library/Java/JavaVirtualMachines/jdk1.8.0_74.jdk/Contents/Home/jre/lib/ext/sunpkcs11.jar:/Library/Java/JavaVirtualMachines/jdk1.8.0_74.jdk/Contents/Home/jre/lib/ext/zipfs.jar:/Library/Java/JavaVirtualMachines/jdk1.8.0_74.jdk/Contents/Home/jre/lib/javaws.jar:/Library/Java/JavaVirtualMachines/jdk1.8.0_74.jdk/Contents/Home/jre/lib/jce.jar:/Library/Java/JavaVirtualMachines/jdk1.8.0_74.jdk/Contents/Home/jre/lib/jfr.jar:/Library/Java/JavaVirtualMachines/jdk1.8.0_74.jdk/Contents/Home/jre/lib/jfxswt.jar:/Library/Java/JavaVirtualMachines/jdk1.8.0_74.jdk/Contents/Home/jre/lib/jsse.jar:/Library/Java/JavaVirtualMachines/jdk1.8.0_74.jdk/Contents/Home/jre/lib/management-agent.jar:/Library/Java/JavaVirtualMachines/jdk1.8.0_74.jdk/Contents/Home/jre/lib/plugin.jar:/Library/Java/JavaVirtualMachines/jdk1.8.0_74.jdk/Contents/Home/jre/lib/resources.jar:/Library/Java/JavaVirtualMachines/jdk1.8.0_74.jdk/Contents/Home/jre/lib/rt.jar:/Library/Java/JavaVirtualMachines/jdk1.8.0_74.jdk/Contents/Home/lib/ant-javafx.jar:/Library/Java/JavaVirtualMachines/jdk1.8.0_74.jdk/Contents/Home/lib/dt.jar:/Library/Ja
Launcher Type: SUN_STANDARD

Environment Variables:
PATH=/usr/local/bin:/usr/bin:/bin:/usr/sbin:/sbin:/Users/giovanni/Downloads/k/bin/
SHELL=/bin/zsh
DISPLAY=/private/tmp/com.apple.launchd.nSjadDZwxO/org.macosforge.xquartz:0

Signal Handlers:
SIGSEGV: [libjvm.dylib+0x5a6855], sa_mask[0]=11111111011111110111111111111111, sa_flags=SA_ONSTACK|SA_RESTART|SA_SIGINFO
SIGBUS: [libjvm.dylib+0x5a6855], sa_mask[0]=11111111011111110111111111111111, sa_flags=SA_RESTART|SA_SIGINFO
SIGFPE: [libjvm.dylib+0x4804ec], sa_mask[0]=11111111011111110111111111111111, sa_flags=SA_RESTART|SA_SIGINFO
SIGPIPE: [libjvm.dylib+0x4804ec], sa_mask[0]=11111111011111110111111111111111, sa_flags=SA_RESTART|SA_SIGINFO
SIGXFSZ: [libjvm.dylib+0x4804ec], sa_mask[0]=11111111011111110111111111111111, sa_flags=SA_RESTART|SA_SIGINFO
SIGILL: [libjvm.dylib+0x4804ec], sa_mask[0]=11111111011111110111111111111111, sa_flags=SA_RESTART|SA_SIGINFO
SIGUSR1: SIG_DFL, sa_mask[0]=00000000000000000000000000000000, sa_flags=none
SIGUSR2: [libjvm.dylib+0x48000a], sa_mask[0]=00100000000000000000000000000000, sa_flags=SA_RESTART|SA_SIGINFO
SIGHUP: [libjvm.dylib+0x47e5e1], sa_mask[0]=11111111011111110111111111111111, sa_flags=SA_RESTART|SA_SIGINFO
SIGINT: [libjvm.dylib+0x47e5e1], sa_mask[0]=11111111011111110111111111111111, sa_flags=SA_RESTART|SA_SIGINFO
SIGTERM: [libjvm.dylib+0x47e5e1], sa_mask[0]=11111111011111110111111111111111, sa_flags=SA_RESTART|SA_SIGINFO
SIGQUIT: [libjvm.dylib+0x47e5e1], sa_mask[0]=11111111011111110111111111111111, sa_flags=SA_RESTART|SA_SIGINFO


---------------  S Y S T E M  ---------------

OS:Bsduname:Darwin 15.5.0 Darwin Kernel Version 15.5.0: Tue Apr 19 18:36:36 PDT 2016; root:xnu-3248.50.21~8/RELEASE_X86_64 x86_64
rlimit: STACK 8192k, CORE 0k, NPROC 709, NOFILE 10240, AS infinity
load average:2.81 2.50 2.42

CPU:total 8 (4 cores per cpu, 2 threads per core) family 6 model 70 stepping 1, cmov, cx8, fxsr, mmx, sse, sse2, sse3, ssse3, sse4.1, sse4.2, popcnt, avx, avx2, aes, clmul, erms, lzcnt, ht, tsc, tscinvbit, bmi1, bmi2

Memory: 4k page, physical 16777216k(108212k free)

/proc/meminfo:


vm_info: Java HotSpot(TM) 64-Bit Server VM (25.74-b02) for bsd-amd64 JRE (1.8.0_74-b02), built on Jan 29 2016 15:32:34 by "java_re" with gcc 4.2.1 (Based on Apple Inc. build 5658) (LLVM build 2336.11.00)

time: Mon Jun 20 10:01:01 2016
elapsed time: 352 seconds (0d 0h 5m 52s)

