#
# A fatal error has been detected by the Java Runtime Environment:
#
#  SIGSEGV (0xb) at pc=0x00000001076462c8, pid=5900, tid=18947
#
# JRE version: Java(TM) SE Runtime Environment (8.0_74-b02) (build 1.8.0_74-b02)
# Java VM: Java HotSpot(TM) 64-Bit Server VM (25.74-b02 mixed mode bsd-amd64 compressed oops)
# Problematic frame:
# V  [libjvm.dylib+0x4462c8]
#
# Failed to write core dump. Core dumps have been disabled. To enable core dumping, try "ulimit -c unlimited" before starting Java again
#
# If you would like to submit a bug report, please visit:
#   http://bugreport.java.com/bugreport/crash.jsp
#

---------------  T H R E A D  ---------------

Current thread (0x00007fc6dc006000):  JavaThread "JDWP Transport Listener: dt_socket" daemon [_thread_in_vm, id=18947, stack(0x0000700000ec4000,0x0000700000fc4000)]

siginfo: si_signo: 11 (SIGSEGV), si_code: 0 (unknown), si_addr: 0x0000000000000000

Registers:
RAX=0x0000000000000001, RBX=0x0000700000fc3a8b, RCX=0x0000000107a15340, RDX=0x0000700000fc3a8b
RSP=0x0000700000fc39d0, RBP=0x0000700000fc39e0, RSI=0x00007fc6dc006000, RDI=0xc000000000000003
R8 =0x0000000000000001, R9 =0x00007fc6d8c34480, R10=0x00000000d8bc9f20, R11=0x00007fc6d8c00000
R12=0x00007fc6dc006000, R13=0xc000000000000003, R14=0xc000000000000003, R15=0x00007fc6d8d02d00
RIP=0x00000001076462c8, EFLAGS=0x0000000000010286, ERR=0x0000000000000000
  TRAPNO=0x000000000000000d

Top of Stack: (sp=0x0000700000fc39d0)
0x0000700000fc39d0:   0000700000fc3a8b 0000700000fc3a8b
0x0000700000fc39e0:   0000700000fc3a40 00000001075552fe
0x0000700000fc39f0:   00007fc6dc006000 0000000000000000
0x0000700000fc3a00:   0000000000000000 0000000000000000
0x0000700000fc3a10:   00007fc6dc006000 00007fc6dc006000
0x0000700000fc3a20:   0000700000fc3a8b 0000700000fc3a90
0x0000700000fc3a30:   c000000000000003 000000000000000c
0x0000700000fc3a40:   0000700000fc3a60 0000000106177780
0x0000700000fc3a50:   0000000000000001 0000700000fc3b08
0x0000700000fc3a60:   0000700000fc3ad0 000000010615c1f3
0x0000700000fc3a70:   0000700000fc3aa0 00007fc6d8c3ba30
0x0000700000fc3a80:   0000000d00000032 0000000a00fc3b08
0x0000700000fc3a90:   0000000000000000 0000000000000000
0x0000700000fc3aa0:   0000000000000000 0000700000fc3c90
0x0000700000fc3ab0:   000000010617ee7a 00007fc6d8f0f340
0x0000700000fc3ac0:   0000700000fc3b08 000000010618a598
0x0000700000fc3ad0:   0000700000fc3ae0 000000010615c2ec
0x0000700000fc3ae0:   0000700000fc3d00 0000000106165898
0x0000700000fc3af0:   0000392a00000013 00000000000f0200
0x0000700000fc3b00:   00007fc6d8f0f4e0 00007fc6e300025b
0x0000700000fc3b10:   00007fc600000255 00007fc6d8c33f40
0x0000700000fc3b20:   000000000000012c 0000700000fc3b58
0x0000700000fc3b30:   00007fc6d8c34680 0000000000000000
0x0000700000fc3b40:   0000392a0000000f 00007fff0000dc80
0x0000700000fc3b50:   0000700000fc3b58 c67f00000d000000
0x0000700000fc3b60:   12000000e09834db 4974736f50746567
0x0000700000fc3b70:   746e656d6572636e 4c284f0000006c61
0x0000700000fc3b80:   6c746e612f67726f 6e75722f34762f72
0x0000700000fc3b90:   7261502f656d6974 43656c7552726573
0x0000700000fc3ba0:   293b747865746e6f 656d7265746e494c
0x0000700000fc3bb0:   646f4d6574616964 7265746e692f6c65
0x0000700000fc3bc0:   41492f7365636166 0000003b45525453 

Instructions: (pc=0x00000001076462c8)
0x00000001076462a8:   40 48 48 85 c0 75 e0 30 c0 0f b6 c0 5d c3 31 c0
0x00000001076462b8:   5d c3 55 48 89 e5 53 48 83 ec 08 48 85 ff 74 24
0x00000001076462c8:   48 8b 1f 48 85 db 74 1c 48 83 fb 37 74 16 48 8b
0x00000001076462d8:   03 48 89 df ff 50 10 84 c0 b8 00 00 00 00 48 0f 

Register to memory mapping:

RAX=0x0000000000000001 is an unknown value
RBX=0x0000700000fc3a8b is pointing into the stack for thread: 0x00007fc6dc006000
RCX=0x0000000107a15340: UseMembar+0 in /Library/Java/JavaVirtualMachines/jdk1.8.0_74.jdk/Contents/Home/jre/lib/server/libjvm.dylib at 0x0000000107200000
RDX=0x0000700000fc3a8b is pointing into the stack for thread: 0x00007fc6dc006000
RSP=0x0000700000fc39d0 is pointing into the stack for thread: 0x00007fc6dc006000
RBP=0x0000700000fc39e0 is pointing into the stack for thread: 0x00007fc6dc006000
RSI=0x00007fc6dc006000 is a thread
RDI=0xc000000000000003 is an unknown value
R8 =0x0000000000000001 is an unknown value
R9 =0x00007fc6d8c34480 is an unknown value
R10=0x00000000d8bc9f20 is an unknown value
R11=0x00007fc6d8c00000 is an unknown value
R12=0x00007fc6dc006000 is a thread
R13=0xc000000000000003 is an unknown value
R14=0xc000000000000003 is an unknown value
R15=0x00007fc6d8d02d00 is an unknown value


Stack: [0x0000700000ec4000,0x0000700000fc4000],  sp=0x0000700000fc39d0,  free space=1022k
Native frames: (J=compiled Java code, j=interpreted, Vv=VM code, C=native code)
V  [libjvm.dylib+0x4462c8]
V  [libjvm.dylib+0x3552fe]
C  [libjdwp.dylib+0x20780]  isMethodSynthetic+0x63
C  [libjdwp.dylib+0x51f3]  methods1+0x10b
C  [libjdwp.dylib+0x52ec]  methodsWithGeneric+0xe
C  [libjdwp.dylib+0xe898]  debugLoop_run+0x1ce
C  [libjdwp.dylib+0x1f6ba]  attachThread+0x4d
V  [libjvm.dylib+0x39665c]
V  [libjvm.dylib+0x560e03]
V  [libjvm.dylib+0x5624fe]
V  [libjvm.dylib+0x482eda]
C  [libsystem_pthread.dylib+0x399d]  _pthread_body+0x83
C  [libsystem_pthread.dylib+0x391a]  _pthread_body+0x0
C  [libsystem_pthread.dylib+0x1351]  thread_start+0xd
C  0x0000000000000000


---------------  P R O C E S S  ---------------

Java Threads: ( => current thread )
  0x00007fc6db85a000 JavaThread "Service Thread" daemon [_thread_blocked, id=22531, stack(0x00007000015d9000,0x00007000016d9000)]
  0x00007fc6db85b000 JavaThread "C1 CompilerThread3" daemon [_thread_blocked, id=22019, stack(0x00007000014d6000,0x00007000015d6000)]
  0x00007fc6dc00e000 JavaThread "C2 CompilerThread2" daemon [_thread_blocked, id=21507, stack(0x00007000013d3000,0x00007000014d3000)]
  0x00007fc6dc00d000 JavaThread "C2 CompilerThread1" daemon [_thread_blocked, id=20995, stack(0x00007000012d0000,0x00007000013d0000)]
  0x00007fc6dd000000 JavaThread "C2 CompilerThread0" daemon [_thread_blocked, id=20483, stack(0x00007000011cd000,0x00007000012cd000)]
  0x00007fc6dc800000 JavaThread "JDWP Command Reader" daemon [_thread_in_native, id=19971, stack(0x00007000010ca000,0x00007000011ca000)]
  0x00007fc6db84f800 JavaThread "JDWP Event Helper Thread" daemon [_thread_blocked, id=19459, stack(0x0000700000fc7000,0x00007000010c7000)]
=>0x00007fc6dc006000 JavaThread "JDWP Transport Listener: dt_socket" daemon [_thread_in_vm, id=18947, stack(0x0000700000ec4000,0x0000700000fc4000)]
  0x00007fc6db82c000 JavaThread "Signal Dispatcher" daemon [_thread_blocked, id=15887, stack(0x0000700000dc1000,0x0000700000ec1000)]
  0x00007fc6db824000 JavaThread "Finalizer" daemon [_thread_blocked, id=14339, stack(0x0000700000c3b000,0x0000700000d3b000)]
  0x00007fc6db821000 JavaThread "Reference Handler" daemon [_thread_blocked, id=13827, stack(0x0000700000b38000,0x0000700000c38000)]
  0x00007fc6d9808800 JavaThread "main" [_thread_blocked, id=5891, stack(0x000070000011a000,0x000070000021a000)]

Other Threads:
  0x00007fc6db81c800 VMThread [stack: 0x0000700000a35000,0x0000700000b35000] [id=13315]
  0x00007fc6dc021000 WatcherThread [stack: 0x00007000016dc000,0x00007000017dc000] [id=23043]

VM state:not at safepoint (normal execution)

VM Mutex/Monitor currently owned by a thread: None

Heap:
 PSYoungGen      total 532992K, used 89094K [0x000000076ab00000, 0x000000079f280000, 0x00000007c0000000)
  eden space 519168K, 15% used [0x000000076ab00000,0x000000076f819ad0,0x000000078a600000)
  from space 13824K, 73% used [0x000000078a600000,0x000000078afe8020,0x000000078b380000)
  to   space 14336K, 0% used [0x000000079e480000,0x000000079e480000,0x000000079f280000)
 ParOldGen       total 175104K, used 12009K [0x00000006c0000000, 0x00000006cab00000, 0x000000076ab00000)
  object space 175104K, 6% used [0x00000006c0000000,0x00000006c0bba620,0x00000006cab00000)
 Metaspace       used 5639K, capacity 6936K, committed 7296K, reserved 1056768K
  class space    used 703K, capacity 776K, committed 896K, reserved 1048576K

Card table byte_map: [0x000000011754f000,0x0000000117d50000] byte_map_base: 0x0000000113f4f000

Marking Bits: (ParMarkBitMap*) 0x0000000107ae3ea0
 Begin Bits: [0x00000001182a6000, 0x000000011c2a6000)
 End Bits:   [0x000000011c2a6000, 0x00000001202a6000)

Polling page: 0x0000000106156000

CodeCache: size=245760Kb used=5260Kb max_used=5266Kb free=240499Kb
 bounds [0x000000010818f000, 0x00000001086bf000, 0x000000011718f000]
 total_blobs=1148 nmethods=906 adapters=164
 compilation: enabled

Compilation events (10 events):
Event: 9.072 Thread 0x00007fc6db85b000  907       3       org.antlr.v4.runtime.RuleContext::isEmpty (14 bytes)
Event: 9.072 Thread 0x00007fc6db85b000 nmethod 907 0x00000001086b0a50 code [0x00000001086b0bc0, 0x00000001086b0d70]
Event: 170.645 Thread 0x00007fc6dd000000  908       4       java.lang.Math::max (11 bytes)
Event: 170.645 Thread 0x00007fc6db85b000  909       3       java.lang.ref.Reference::<init> (25 bytes)
Event: 170.645 Thread 0x00007fc6dd000000 nmethod 908 0x00000001086a26d0 code [0x00000001086a2800, 0x00000001086a2858]
Event: 170.645 Thread 0x00007fc6db85b000 nmethod 909 0x00000001086b05d0 code [0x00000001086b0740, 0x00000001086b0990]
Event: 172.476 Thread 0x00007fc6db85b000  910       3       java.lang.StringBuilder::append (8 bytes)
Event: 172.476 Thread 0x00007fc6db85b000 nmethod 910 0x00000001086b0210 code [0x00000001086b0380, 0x00000001086b0528]
Event: 172.477 Thread 0x00007fc6db85b000  911       3       java.lang.AbstractStringBuilder::append (62 bytes)
Event: 172.477 Thread 0x00007fc6db85b000 nmethod 911 0x00000001086b6a50 code [0x00000001086b6c20, 0x00000001086b7308]

GC Heap History (10 events):
Event: 1.992 GC heap before
{Heap before GC invocations=5 (full 0):
 PSYoungGen      total 141824K, used 134869K [0x000000076ab00000, 0x0000000774000000, 0x00000007c0000000)
  eden space 131072K, 100% used [0x000000076ab00000,0x0000000772b00000,0x0000000772b00000)
  from space 10752K, 35% used [0x0000000773580000,0x0000000773935508,0x0000000774000000)
  to   space 10752K, 0% used [0x0000000772b00000,0x0000000772b00000,0x0000000773580000)
 ParOldGen       total 175104K, used 24K [0x00000006c0000000, 0x00000006cab00000, 0x000000076ab00000)
  object space 175104K, 0% used [0x00000006c0000000,0x00000006c0006000,0x00000006cab00000)
 Metaspace       used 5101K, capacity 6520K, committed 6656K, reserved 1056768K
  class space    used 655K, capacity 744K, committed 768K, reserved 1048576K
Event: 1.998 GC heap after
Heap after GC invocations=5 (full 0):
 PSYoungGen      total 141824K, used 4295K [0x000000076ab00000, 0x000000077b600000, 0x00000007c0000000)
  eden space 131072K, 0% used [0x000000076ab00000,0x000000076ab00000,0x0000000772b00000)
  from space 10752K, 39% used [0x0000000772b00000,0x0000000772f31e90,0x0000000773580000)
  to   space 5632K, 0% used [0x000000077b080000,0x000000077b080000,0x000000077b600000)
 ParOldGen       total 175104K, used 32K [0x00000006c0000000, 0x00000006cab00000, 0x000000076ab00000)
  object space 175104K, 0% used [0x00000006c0000000,0x00000006c0008000,0x00000006cab00000)
 Metaspace       used 5101K, capacity 6520K, committed 6656K, reserved 1056768K
  class space    used 655K, capacity 744K, committed 768K, reserved 1048576K
}
Event: 2.257 GC heap before
{Heap before GC invocations=6 (full 0):
 PSYoungGen      total 141824K, used 135367K [0x000000076ab00000, 0x000000077b600000, 0x00000007c0000000)
  eden space 131072K, 100% used [0x000000076ab00000,0x0000000772b00000,0x0000000772b00000)
  from space 10752K, 39% used [0x0000000772b00000,0x0000000772f31e90,0x0000000773580000)
  to   space 5632K, 0% used [0x000000077b080000,0x000000077b080000,0x000000077b600000)
 ParOldGen       total 175104K, used 32K [0x00000006c0000000, 0x00000006cab00000, 0x000000076ab00000)
  object space 175104K, 0% used [0x00000006c0000000,0x00000006c0008000,0x00000006cab00000)
 Metaspace       used 5109K, capacity 6520K, committed 6656K, reserved 1056768K
  class space    used 655K, capacity 744K, committed 768K, reserved 1048576K
Event: 2.264 GC heap after
Heap after GC invocations=6 (full 0):
 PSYoungGen      total 265728K, used 5605K [0x000000076ab00000, 0x000000077ba00000, 0x00000007c0000000)
  eden space 260096K, 0% used [0x000000076ab00000,0x000000076ab00000,0x000000077a900000)
  from space 5632K, 99% used [0x000000077b080000,0x000000077b5f9550,0x000000077b600000)
  to   space 7680K, 0% used [0x000000077a900000,0x000000077a900000,0x000000077b080000)
 ParOldGen       total 175104K, used 2592K [0x00000006c0000000, 0x00000006cab00000, 0x000000076ab00000)
  object space 175104K, 1% used [0x00000006c0000000,0x00000006c0288000,0x00000006cab00000)
 Metaspace       used 5109K, capacity 6520K, committed 6656K, reserved 1056768K
  class space    used 655K, capacity 744K, committed 768K, reserved 1048576K
}
Event: 2.964 GC heap before
{Heap before GC invocations=7 (full 0):
 PSYoungGen      total 265728K, used 265701K [0x000000076ab00000, 0x000000077ba00000, 0x00000007c0000000)
  eden space 260096K, 100% used [0x000000076ab00000,0x000000077a900000,0x000000077a900000)
  from space 5632K, 99% used [0x000000077b080000,0x000000077b5f9550,0x000000077b600000)
  to   space 7680K, 0% used [0x000000077a900000,0x000000077a900000,0x000000077b080000)
 ParOldGen       total 175104K, used 2592K [0x00000006c0000000, 0x00000006cab00000, 0x000000076ab00000)
  object space 175104K, 1% used [0x00000006c0000000,0x00000006c0288000,0x00000006cab00000)
 Metaspace       used 5119K, capacity 6520K, committed 6656K, reserved 1056768K
  class space    used 655K, capacity 744K, committed 768K, reserved 1048576K
Event: 2.974 GC heap after
Heap after GC invocations=7 (full 0):
 PSYoungGen      total 267776K, used 7648K [0x000000076ab00000, 0x000000078c000000, 0x00000007c0000000)
  eden space 260096K, 0% used [0x000000076ab00000,0x000000076ab00000,0x000000077a900000)
  from space 7680K, 99% used [0x000000077a900000,0x000000077b078010,0x000000077b080000)
  to   space 12800K, 0% used [0x000000078b380000,0x000000078b380000,0x000000078c000000)
 ParOldGen       total 175104K, used 10337K [0x00000006c0000000, 0x00000006cab00000, 0x000000076ab00000)
  object space 175104K, 5% used [0x00000006c0000000,0x00000006c0a18620,0x00000006cab00000)
 Metaspace       used 5119K, capacity 6520K, committed 6656K, reserved 1056768K
  class space    used 655K, capacity 744K, committed 768K, reserved 1048576K
}
Event: 3.221 GC heap before
{Heap before GC invocations=8 (full 0):
 PSYoungGen      total 267776K, used 267744K [0x000000076ab00000, 0x000000078c000000, 0x00000007c0000000)
  eden space 260096K, 100% used [0x000000076ab00000,0x000000077a900000,0x000000077a900000)
  from space 7680K, 99% used [0x000000077a900000,0x000000077b078010,0x000000077b080000)
  to   space 12800K, 0% used [0x000000078b380000,0x000000078b380000,0x000000078c000000)
 ParOldGen       total 175104K, used 10337K [0x00000006c0000000, 0x00000006cab00000, 0x000000076ab00000)
  object space 175104K, 5% used [0x00000006c0000000,0x00000006c0a18620,0x00000006cab00000)
 Metaspace       used 5122K, capacity 6520K, committed 6656K, reserved 1056768K
  class space    used 655K, capacity 744K, committed 768K, reserved 1048576K
Event: 3.228 GC heap after
Heap after GC invocations=8 (full 0):
 PSYoungGen      total 531968K, used 10144K [0x000000076ab00000, 0x000000078c200000, 0x00000007c0000000)
  eden space 519168K, 0% used [0x000000076ab00000,0x000000076ab00000,0x000000078a600000)
  from space 12800K, 79% used [0x000000078b380000,0x000000078bd68020,0x000000078c000000)
  to   space 13824K, 0% used [0x000000078a600000,0x000000078a600000,0x000000078b380000)
 ParOldGen       total 175104K, used 10457K [0x00000006c0000000, 0x00000006cab00000, 0x000000076ab00000)
  object space 175104K, 5% used [0x00000006c0000000,0x00000006c0a36620,0x00000006cab00000)
 Metaspace       used 5122K, capacity 6520K, committed 6656K, reserved 1056768K
  class space    used 655K, capacity 744K, committed 768K, reserved 1048576K
}
Event: 3.778 GC heap before
{Heap before GC invocations=9 (full 0):
 PSYoungGen      total 531968K, used 529312K [0x000000076ab00000, 0x000000078c200000, 0x00000007c0000000)
  eden space 519168K, 100% used [0x000000076ab00000,0x000000078a600000,0x000000078a600000)
  from space 12800K, 79% used [0x000000078b380000,0x000000078bd68020,0x000000078c000000)
  to   space 13824K, 0% used [0x000000078a600000,0x000000078a600000,0x000000078b380000)
 ParOldGen       total 175104K, used 10457K [0x00000006c0000000, 0x00000006cab00000, 0x000000076ab00000)
  object space 175104K, 5% used [0x00000006c0000000,0x00000006c0a36620,0x00000006cab00000)
 Metaspace       used 5127K, capacity 6520K, committed 6656K, reserved 1056768K
  class space    used 655K, capacity 744K, committed 768K, reserved 1048576K
Event: 3.786 GC heap after
Heap after GC invocations=9 (full 0):
 PSYoungGen      total 532992K, used 10144K [0x000000076ab00000, 0x000000079f280000, 0x00000007c0000000)
  eden space 519168K, 0% used [0x000000076ab00000,0x000000076ab00000,0x000000078a600000)
  from space 13824K, 73% used [0x000000078a600000,0x000000078afe8020,0x000000078b380000)
  to   space 14336K, 0% used [0x000000079e480000,0x000000079e480000,0x000000079f280000)
 ParOldGen       total 175104K, used 12009K [0x00000006c0000000, 0x00000006cab00000, 0x000000076ab00000)
  object space 175104K, 6% used [0x00000006c0000000,0x00000006c0bba620,0x00000006cab00000)
 Metaspace       used 5127K, capacity 6520K, committed 6656K, reserved 1056768K
  class space    used 655K, capacity 744K, committed 768K, reserved 1048576K
}

Deoptimization events (10 events):
Event: 3.465 Thread 0x00007fc6d9808800 Uncommon trap: reason=class_check action=maybe_recompile pc=0x000000010846c424 method=java.util.HashMap.putVal(ILjava/lang/Object;Ljava/lang/Object;ZZ)Ljava/lang/Object; @ 203
Event: 3.850 Thread 0x00007fc6d9808800 Uncommon trap: reason=unstable_if action=reinterpret pc=0x00000001085462ec method=org.antlr.v4.runtime.ANTLRInputStream.LA(I)I @ 38
Event: 3.850 Thread 0x00007fc6d9808800 Uncommon trap: reason=unstable_if action=reinterpret pc=0x00000001085c7664 method=org.antlr.v4.runtime.atn.ParserATNSimulator.computeReachSet(Lorg/antlr/v4/runtime/atn/ATNConfigSet;IZ)Lorg/antlr/v4/runtime/atn/ATNConfigSet; @ 313
Event: 3.860 Thread 0x00007fc6d9808800 Uncommon trap: reason=unstable_if action=reinterpret pc=0x000000010854d2dc method=org.antlr.v4.runtime.misc.Interval.of(II)Lorg/antlr/v4/runtime/misc/Interval; @ 13
Event: 3.861 Thread 0x00007fc6d9808800 Uncommon trap: reason=unstable_if action=reinterpret pc=0x000000010832cad8 method=sun.misc.URLClassPath.getLoader(I)Lsun/misc/URLClassPath$Loader; @ 36
Event: 3.861 Thread 0x00007fc6d9808800 Uncommon trap: reason=unstable_if action=reinterpret pc=0x000000010832f4d4 method=sun.misc.URLClassPath.getLoader(I)Lsun/misc/URLClassPath$Loader; @ 36
Event: 3.862 Thread 0x00007fc6d9808800 Uncommon trap: reason=class_check action=maybe_recompile pc=0x000000010848d844 method=java.util.LinkedHashMap.afterNodeInsertion(Z)V @ 15
Event: 3.862 Thread 0x00007fc6d9808800 Uncommon trap: reason=unstable_if action=reinterpret pc=0x000000010842bad4 method=java.util.HashMap.resize()[Ljava/util/HashMap$Node; @ 68
Event: 3.862 Thread 0x00007fc6d9808800 Uncommon trap: reason=unstable_if action=reinterpret pc=0x000000010867f698 method=java.util.HashMap.putVal(ILjava/lang/Object;Ljava/lang/Object;ZZ)Ljava/lang/Object; @ 193
Event: 170.644 Thread 0x00007fc6d9808800 Uncommon trap: reason=class_check action=maybe_recompile pc=0x000000010848d844 method=java.util.LinkedHashMap.afterNodeInsertion(Z)V @ 15

Internal exceptions (2 events):
Event: 0.029 Thread 0x00007fc6d9808800 Exception <a 'java/lang/NoSuchMethodError': Method sun.misc.Unsafe.defineClass(Ljava/lang/String;[BII)Ljava/lang/Class; name or signature does not match> (0x000000076ab07cc0) thrown at [/Users/java_re/workspace/8-2-build-macosx-x86_64/jdk8u74/6087/hotspot
Event: 0.029 Thread 0x00007fc6d9808800 Exception <a 'java/lang/NoSuchMethodError': Method sun.misc.Unsafe.prefetchRead(Ljava/lang/Object;J)V name or signature does not match> (0x000000076ab07fa8) thrown at [/Users/java_re/workspace/8-2-build-macosx-x86_64/jdk8u74/6087/hotspot/src/share/vm/prim

Events (10 events):
Event: 791.749 Executing VM operation: ForceSafepoint
Event: 791.749 Executing VM operation: ForceSafepoint done
Event: 791.749 Executing VM operation: GetOrSetLocal
Event: 791.749 Executing VM operation: GetOrSetLocal done
Event: 791.749 Executing VM operation: GetOrSetLocal
Event: 791.749 Executing VM operation: GetOrSetLocal done
Event: 791.751 Executing VM operation: ForceSafepoint
Event: 791.751 Executing VM operation: ForceSafepoint done
Event: 840.977 Executing VM operation: RedefineClasses
Event: 840.987 Executing VM operation: RedefineClasses done


Dynamic libraries:
0x0000000000d13000 	/System/Library/Frameworks/Cocoa.framework/Versions/A/Cocoa
0x0000000000d13000 	/System/Library/Frameworks/Security.framework/Versions/A/Security
0x0000000000d13000 	/System/Library/Frameworks/ApplicationServices.framework/Versions/A/ApplicationServices
0x0000000000d13000 	/usr/lib/libz.1.dylib
0x0000000000d13000 	/usr/lib/libSystem.B.dylib
0x0000000000d13000 	/usr/lib/libobjc.A.dylib
0x0000000000d13000 	/System/Library/Frameworks/CoreFoundation.framework/Versions/A/CoreFoundation
0x0000000000d13000 	/System/Library/Frameworks/Foundation.framework/Versions/C/Foundation
0x0000000000d13000 	/System/Library/Frameworks/AppKit.framework/Versions/C/AppKit
0x0000000000d13000 	/System/Library/Frameworks/CoreData.framework/Versions/A/CoreData
0x0000000000d13000 	/System/Library/PrivateFrameworks/RemoteViewServices.framework/Versions/A/RemoteViewServices
0x0000000000d13000 	/System/Library/PrivateFrameworks/UIFoundation.framework/Versions/A/UIFoundation
0x0000000000d13000 	/usr/lib/libScreenReader.dylib
0x0000000000d13000 	/System/Library/Frameworks/Accelerate.framework/Versions/A/Accelerate
0x0000000000d13000 	/System/Library/Frameworks/IOSurface.framework/Versions/A/IOSurface
0x0000000000d13000 	/System/Library/Frameworks/AudioToolbox.framework/Versions/A/AudioToolbox
0x0000000000d13000 	/System/Library/Frameworks/AudioUnit.framework/Versions/A/AudioUnit
0x0000000000d13000 	/System/Library/PrivateFrameworks/DataDetectorsCore.framework/Versions/A/DataDetectorsCore
0x0000000000d13000 	/System/Library/PrivateFrameworks/DesktopServicesPriv.framework/Versions/A/DesktopServicesPriv
0x0000000000d13000 	/System/Library/Frameworks/Carbon.framework/Versions/A/Frameworks/HIToolbox.framework/Versions/A/HIToolbox
0x0000000000d13000 	/System/Library/Frameworks/QuartzCore.framework/Versions/A/QuartzCore
0x0000000000d13000 	/System/Library/Frameworks/Carbon.framework/Versions/A/Frameworks/SpeechRecognition.framework/Versions/A/SpeechRecognition
0x0000000000d13000 	/usr/lib/libauto.dylib
0x0000000000d13000 	/usr/lib/libicucore.A.dylib
0x0000000000d13000 	/usr/lib/libxml2.2.dylib
0x0000000000d13000 	/System/Library/PrivateFrameworks/CoreUI.framework/Versions/A/CoreUI
0x0000000000d13000 	/System/Library/Frameworks/CoreAudio.framework/Versions/A/CoreAudio
0x0000000000d13000 	/System/Library/Frameworks/DiskArbitration.framework/Versions/A/DiskArbitration
0x0000000000d13000 	/usr/lib/liblangid.dylib
0x0000000000d13000 	/System/Library/PrivateFrameworks/MultitouchSupport.framework/Versions/A/MultitouchSupport
0x0000000000d13000 	/System/Library/Frameworks/IOKit.framework/Versions/A/IOKit
0x0000000000d13000 	/usr/lib/libDiagnosticMessagesClient.dylib
0x0000000000d13000 	/System/Library/Frameworks/CoreServices.framework/Versions/A/CoreServices
0x0000000000d13000 	/System/Library/PrivateFrameworks/PerformanceAnalysis.framework/Versions/A/PerformanceAnalysis
0x0000000000d13000 	/System/Library/PrivateFrameworks/GenerationalStorage.framework/Versions/A/GenerationalStorage
0x0000000000d13000 	/System/Library/Frameworks/OpenGL.framework/Versions/A/OpenGL
0x0000000000d13000 	/System/Library/PrivateFrameworks/Sharing.framework/Versions/A/Sharing
0x0000000000d13000 	/System/Library/Frameworks/CoreGraphics.framework/Versions/A/CoreGraphics
0x0000000000d13000 	/System/Library/Frameworks/CoreImage.framework/Versions/A/CoreImage
0x0000000000d13000 	/System/Library/Frameworks/CoreText.framework/Versions/A/CoreText
0x0000000000d13000 	/System/Library/Frameworks/ImageIO.framework/Versions/A/ImageIO
0x0000000000d13000 	/System/Library/PrivateFrameworks/Backup.framework/Versions/A/Backup
0x0000000000d13000 	/usr/lib/libextension.dylib
0x0000000000d13000 	/usr/lib/libarchive.2.dylib
0x0000000000d13000 	/System/Library/Frameworks/CFNetwork.framework/Versions/A/CFNetwork
0x0000000000d13000 	/System/Library/Frameworks/SystemConfiguration.framework/Versions/A/SystemConfiguration
0x0000000000d13000 	/usr/lib/libCRFSuite.dylib
0x0000000000d13000 	/usr/lib/libc++.1.dylib
0x0000000000d13000 	/usr/lib/libc++abi.dylib
0x0000000000d13000 	/usr/lib/system/libcache.dylib
0x0000000000d13000 	/usr/lib/system/libcommonCrypto.dylib
0x0000000000d13000 	/usr/lib/system/libcompiler_rt.dylib
0x0000000000d13000 	/usr/lib/system/libcopyfile.dylib
0x0000000000d13000 	/usr/lib/system/libcorecrypto.dylib
0x0000000000d13000 	/usr/lib/system/libdispatch.dylib
0x0000000000d13000 	/usr/lib/system/libdyld.dylib
0x0000000000d13000 	/usr/lib/system/libkeymgr.dylib
0x0000000000d13000 	/usr/lib/system/liblaunch.dylib
0x0000000000d13000 	/usr/lib/system/libmacho.dylib
0x0000000000d13000 	/usr/lib/system/libquarantine.dylib
0x0000000000d13000 	/usr/lib/system/libremovefile.dylib
0x0000000000d13000 	/usr/lib/system/libsystem_asl.dylib
0x0000000000d13000 	/usr/lib/system/libsystem_blocks.dylib
0x0000000000d13000 	/usr/lib/system/libsystem_c.dylib
0x0000000000d13000 	/usr/lib/system/libsystem_configuration.dylib
0x0000000000d13000 	/usr/lib/system/libsystem_coreservices.dylib
0x0000000000d13000 	/usr/lib/system/libsystem_coretls.dylib
0x0000000000d13000 	/usr/lib/system/libsystem_dnssd.dylib
0x0000000000d13000 	/usr/lib/system/libsystem_info.dylib
0x0000000000d13000 	/usr/lib/system/libsystem_kernel.dylib
0x0000000000d13000 	/usr/lib/system/libsystem_m.dylib
0x0000000000d13000 	/usr/lib/system/libsystem_malloc.dylib
0x0000000000d13000 	/usr/lib/system/libsystem_network.dylib
0x0000000000d13000 	/usr/lib/system/libsystem_networkextension.dylib
0x0000000000d13000 	/usr/lib/system/libsystem_notify.dylib
0x0000000000d13000 	/usr/lib/system/libsystem_platform.dylib
0x0000000000d13000 	/usr/lib/system/libsystem_pthread.dylib
0x0000000000d13000 	/usr/lib/system/libsystem_sandbox.dylib
0x0000000000d13000 	/usr/lib/system/libsystem_secinit.dylib
0x0000000000d13000 	/usr/lib/system/libsystem_trace.dylib
0x0000000000d13000 	/usr/lib/system/libunc.dylib
0x0000000000d13000 	/usr/lib/system/libunwind.dylib
0x0000000000d13000 	/usr/lib/system/libxpc.dylib
0x0000000000d13000 	/usr/lib/libenergytrace.dylib
0x0000000000d13000 	/usr/lib/libbsm.0.dylib
0x0000000000d13000 	/usr/lib/system/libkxld.dylib
0x0000000000d13000 	/usr/lib/libxar.1.dylib
0x0000000000d13000 	/usr/lib/libsqlite3.dylib
0x0000000000d13000 	/usr/lib/libpam.2.dylib
0x0000000000d13000 	/usr/lib/libOpenScriptingUtil.dylib
0x0000000000d13000 	/usr/lib/libbz2.1.0.dylib
0x0000000000d13000 	/usr/lib/liblzma.5.dylib
0x0000000000d13000 	/System/Library/Frameworks/CoreServices.framework/Versions/A/Frameworks/FSEvents.framework/Versions/A/FSEvents
0x0000000000d13000 	/System/Library/Frameworks/CoreServices.framework/Versions/A/Frameworks/CarbonCore.framework/Versions/A/CarbonCore
0x0000000000d13000 	/System/Library/Frameworks/CoreServices.framework/Versions/A/Frameworks/Metadata.framework/Versions/A/Metadata
0x0000000000d13000 	/System/Library/Frameworks/CoreServices.framework/Versions/A/Frameworks/OSServices.framework/Versions/A/OSServices
0x0000000000d13000 	/System/Library/Frameworks/CoreServices.framework/Versions/A/Frameworks/SearchKit.framework/Versions/A/SearchKit
0x0000000000d13000 	/System/Library/Frameworks/CoreServices.framework/Versions/A/Frameworks/AE.framework/Versions/A/AE
0x0000000000d13000 	/System/Library/Frameworks/CoreServices.framework/Versions/A/Frameworks/LaunchServices.framework/Versions/A/LaunchServices
0x0000000000d13000 	/System/Library/Frameworks/CoreServices.framework/Versions/A/Frameworks/DictionaryServices.framework/Versions/A/DictionaryServices
0x0000000000d13000 	/System/Library/Frameworks/CoreServices.framework/Versions/A/Frameworks/SharedFileList.framework/Versions/A/SharedFileList
0x0000000000d13000 	/System/Library/Frameworks/NetFS.framework/Versions/A/NetFS
0x0000000000d13000 	/System/Library/PrivateFrameworks/NetAuth.framework/Versions/A/NetAuth
0x0000000000d13000 	/System/Library/PrivateFrameworks/login.framework/Versions/A/Frameworks/loginsupport.framework/Versions/A/loginsupport
0x0000000000d13000 	/System/Library/PrivateFrameworks/TCC.framework/Versions/A/TCC
0x0000000000d13000 	/usr/lib/libmecabra.dylib
0x0000000000d13000 	/System/Library/Frameworks/ApplicationServices.framework/Versions/A/Frameworks/ATS.framework/Versions/A/ATS
0x0000000000d13000 	/System/Library/Frameworks/ApplicationServices.framework/Versions/A/Frameworks/ColorSync.framework/Versions/A/ColorSync
0x0000000000d13000 	/System/Library/Frameworks/ApplicationServices.framework/Versions/A/Frameworks/HIServices.framework/Versions/A/HIServices
0x0000000000d13000 	/System/Library/Frameworks/ApplicationServices.framework/Versions/A/Frameworks/LangAnalysis.framework/Versions/A/LangAnalysis
0x0000000000d13000 	/System/Library/Frameworks/ApplicationServices.framework/Versions/A/Frameworks/PrintCore.framework/Versions/A/PrintCore
0x0000000000d13000 	/System/Library/Frameworks/ApplicationServices.framework/Versions/A/Frameworks/QD.framework/Versions/A/QD
0x0000000000d13000 	/System/Library/Frameworks/ApplicationServices.framework/Versions/A/Frameworks/SpeechSynthesis.framework/Versions/A/SpeechSynthesis
0x0000000000d13000 	/System/Library/Frameworks/Metal.framework/Versions/A/Metal
0x0000000000d13000 	/System/Library/Frameworks/Accelerate.framework/Versions/A/Frameworks/vImage.framework/Versions/A/vImage
0x0000000000d13000 	/System/Library/Frameworks/Accelerate.framework/Versions/A/Frameworks/vecLib.framework/Versions/A/vecLib
0x0000000000d13000 	/System/Library/Frameworks/Accelerate.framework/Versions/A/Frameworks/vecLib.framework/Versions/A/libvDSP.dylib
0x0000000000d13000 	/System/Library/Frameworks/Accelerate.framework/Versions/A/Frameworks/vecLib.framework/Versions/A/libvMisc.dylib
0x0000000000d13000 	/System/Library/Frameworks/Accelerate.framework/Versions/A/Frameworks/vecLib.framework/Versions/A/libLAPACK.dylib
0x0000000000d13000 	/System/Library/Frameworks/Accelerate.framework/Versions/A/Frameworks/vecLib.framework/Versions/A/libBLAS.dylib
0x0000000000d13000 	/System/Library/Frameworks/Accelerate.framework/Versions/A/Frameworks/vecLib.framework/Versions/A/libLinearAlgebra.dylib
0x0000000000d13000 	/System/Library/Frameworks/Accelerate.framework/Versions/A/Frameworks/vecLib.framework/Versions/A/libSparseBLAS.dylib
0x0000000000d13000 	/System/Library/PrivateFrameworks/GPUCompiler.framework/libmetal_timestamp.dylib
0x0000000000d13000 	/System/Library/Frameworks/OpenGL.framework/Versions/A/Libraries/libCoreFSCache.dylib
0x0000000000d13000 	/System/Library/PrivateFrameworks/IOAccelerator.framework/Versions/A/IOAccelerator
0x0000000000d13000 	/System/Library/Frameworks/ApplicationServices.framework/Versions/A/Frameworks/ATS.framework/Versions/A/Resources/libFontParser.dylib
0x0000000000d13000 	/System/Library/Frameworks/ApplicationServices.framework/Versions/A/Frameworks/ATS.framework/Versions/A/Resources/libFontRegistry.dylib
0x0000000000d13000 	/System/Library/PrivateFrameworks/AppleVPA.framework/Versions/A/AppleVPA
0x0000000000d13000 	/System/Library/PrivateFrameworks/AppleJPEG.framework/Versions/A/AppleJPEG
0x0000000000d13000 	/System/Library/Frameworks/ImageIO.framework/Versions/A/Resources/libJPEG.dylib
0x0000000000d13000 	/System/Library/Frameworks/ImageIO.framework/Versions/A/Resources/libTIFF.dylib
0x0000000000d13000 	/System/Library/Frameworks/ImageIO.framework/Versions/A/Resources/libPng.dylib
0x0000000000d13000 	/System/Library/Frameworks/ImageIO.framework/Versions/A/Resources/libGIF.dylib
0x0000000000d13000 	/System/Library/Frameworks/ImageIO.framework/Versions/A/Resources/libJP2.dylib
0x0000000000d13000 	/System/Library/Frameworks/ImageIO.framework/Versions/A/Resources/libRadiance.dylib
0x0000000000d13000 	/System/Library/Frameworks/CoreVideo.framework/Versions/A/CoreVideo
0x0000000000d13000 	/System/Library/Frameworks/OpenGL.framework/Versions/A/Libraries/libGLU.dylib
0x0000000000d13000 	/System/Library/Frameworks/OpenGL.framework/Versions/A/Libraries/libGFXShared.dylib
0x0000000000d13000 	/System/Library/Frameworks/OpenGL.framework/Versions/A/Libraries/libGL.dylib
0x0000000000d13000 	/System/Library/Frameworks/OpenGL.framework/Versions/A/Libraries/libGLImage.dylib
0x0000000000d13000 	/System/Library/Frameworks/OpenGL.framework/Versions/A/Libraries/libCVMSPluginSupport.dylib
0x0000000000d13000 	/System/Library/Frameworks/OpenGL.framework/Versions/A/Libraries/libCoreVMClient.dylib
0x0000000000d13000 	/usr/lib/libcompression.dylib
0x0000000000d13000 	/usr/lib/libcups.2.dylib
0x0000000000d13000 	/System/Library/Frameworks/Kerberos.framework/Versions/A/Kerberos
0x0000000000d13000 	/System/Library/Frameworks/GSS.framework/Versions/A/GSS
0x0000000000d13000 	/usr/lib/libresolv.9.dylib
0x0000000000d13000 	/usr/lib/libiconv.2.dylib
0x0000000000d13000 	/System/Library/PrivateFrameworks/Heimdal.framework/Versions/A/Heimdal
0x0000000000d13000 	/usr/lib/libheimdal-asn1.dylib
0x0000000000d13000 	/System/Library/Frameworks/OpenDirectory.framework/Versions/A/OpenDirectory
0x0000000000d13000 	/System/Library/PrivateFrameworks/CommonAuth.framework/Versions/A/CommonAuth
0x0000000000d13000 	/System/Library/Frameworks/OpenDirectory.framework/Versions/A/Frameworks/CFOpenDirectory.framework/Versions/A/CFOpenDirectory
0x0000000000d13000 	/System/Library/Frameworks/SecurityFoundation.framework/Versions/A/SecurityFoundation
0x0000000000d13000 	/System/Library/PrivateFrameworks/LanguageModeling.framework/Versions/A/LanguageModeling
0x0000000000d13000 	/usr/lib/libmarisa.dylib
0x0000000000d13000 	/usr/lib/libChineseTokenizer.dylib
0x0000000000d13000 	/usr/lib/libcmph.dylib
0x0000000000d13000 	/System/Library/Frameworks/ServiceManagement.framework/Versions/A/ServiceManagement
0x0000000000d13000 	/usr/lib/libxslt.1.dylib
0x0000000000d13000 	/System/Library/Frameworks/Carbon.framework/Versions/A/Frameworks/Ink.framework/Versions/A/Ink
0x0000000000d13000 	/usr/lib/libFosl_dynamic.dylib
0x0000000000d13000 	/System/Library/PrivateFrameworks/FaceCore.framework/Versions/A/FaceCore
0x0000000000d13000 	/System/Library/Frameworks/OpenCL.framework/Versions/A/OpenCL
0x0000000000d13000 	/System/Library/PrivateFrameworks/CrashReporterSupport.framework/Versions/A/CrashReporterSupport
0x0000000000d13000 	/System/Library/PrivateFrameworks/IconServices.framework/Versions/A/IconServices
0x0000000000d13000 	/System/Library/PrivateFrameworks/Apple80211.framework/Versions/A/Apple80211
0x0000000000d13000 	/System/Library/Frameworks/CoreWLAN.framework/Versions/A/CoreWLAN
0x0000000000d13000 	/System/Library/Frameworks/IOBluetooth.framework/Versions/A/IOBluetooth
0x0000000000d13000 	/System/Library/PrivateFrameworks/CoreWiFi.framework/Versions/A/CoreWiFi
0x0000000000d13000 	/System/Library/Frameworks/CoreBluetooth.framework/Versions/A/CoreBluetooth
0x0000000000d13000 	/System/Library/PrivateFrameworks/ChunkingLibrary.framework/Versions/A/ChunkingLibrary
0x0000000000d13000 	/System/Library/PrivateFrameworks/DebugSymbols.framework/Versions/A/DebugSymbols
0x0000000000d13000 	/System/Library/PrivateFrameworks/CoreSymbolication.framework/Versions/A/CoreSymbolication
0x0000000000d13000 	/System/Library/PrivateFrameworks/Symbolication.framework/Versions/A/Symbolication
0x0000000000d13000 	/System/Library/PrivateFrameworks/SpeechRecognitionCore.framework/Versions/A/SpeechRecognitionCore
0x0000000107200000 	/Library/Java/JavaVirtualMachines/jdk1.8.0_74.jdk/Contents/Home/jre/lib/server/libjvm.dylib
0x0000000000d13000 	/usr/lib/libstdc++.6.dylib
0x0000000106113000 	/Library/Java/JavaVirtualMachines/jdk1.8.0_74.jdk/Contents/Home/jre/lib/libverify.dylib
0x0000000106121000 	/Library/Java/JavaVirtualMachines/jdk1.8.0_74.jdk/Contents/Home/jre/lib/libjava.dylib
0x0000000106157000 	/Library/Java/JavaVirtualMachines/jdk1.8.0_74.jdk/Contents/Home/jre/lib/libjdwp.dylib
0x00000001061a2000 	/Library/Java/JavaVirtualMachines/jdk1.8.0_74.jdk/Contents/Home/jre/lib/libnpt.dylib
0x00000001061af000 	/Library/Java/JavaVirtualMachines/jdk1.8.0_74.jdk/Contents/Home/jre/lib/libzip.dylib
0x00000001061e1000 	/System/Library/Frameworks/JavaVM.framework/Frameworks/JavaRuntimeSupport.framework/JavaRuntimeSupport
0x000000012321c000 	/System/Library/Frameworks/JavaVM.framework/Versions/A/Frameworks/JavaNativeFoundation.framework/Versions/A/JavaNativeFoundation
0x0000000123231000 	/System/Library/Frameworks/JavaVM.framework/Versions/A/JavaVM
0x0000000000d13000 	/System/Library/Frameworks/Carbon.framework/Versions/A/Carbon
0x000000012323e000 	/System/Library/PrivateFrameworks/JavaLaunching.framework/Versions/A/JavaLaunching
0x0000000000d13000 	/System/Library/Frameworks/Carbon.framework/Versions/A/Frameworks/CommonPanels.framework/Versions/A/CommonPanels
0x0000000000d13000 	/System/Library/Frameworks/Carbon.framework/Versions/A/Frameworks/Help.framework/Versions/A/Help
0x0000000000d13000 	/System/Library/Frameworks/Carbon.framework/Versions/A/Frameworks/ImageCapture.framework/Versions/A/ImageCapture
0x0000000000d13000 	/System/Library/Frameworks/Carbon.framework/Versions/A/Frameworks/OpenScripting.framework/Versions/A/OpenScripting
0x0000000000d13000 	/System/Library/Frameworks/Carbon.framework/Versions/A/Frameworks/Print.framework/Versions/A/Print
0x0000000000d13000 	/System/Library/Frameworks/Carbon.framework/Versions/A/Frameworks/SecurityHI.framework/Versions/A/SecurityHI
0x0000000124b5c000 	/Library/Java/JavaVirtualMachines/jdk1.8.0_74.jdk/Contents/Home/jre/lib/libdt_socket.dylib

VM Arguments:
jvm_args: -agentlib:jdwp=transport=dt_socket,address=127.0.0.1:55472,suspend=y,server=n -Dfile.encoding=UTF-8 
java_command: Main /Users/giovanni/repository/java-xal/intermediate-model/src/main/resources/Test.java
java_class_path (initial): /Library/Java/JavaVirtualMachines/jdk1.8.0_74.jdk/Contents/Home/jre/lib/charsets.jar:/Library/Java/JavaVirtualMachines/jdk1.8.0_74.jdk/Contents/Home/jre/lib/deploy.jar:/Library/Java/JavaVirtualMachines/jdk1.8.0_74.jdk/Contents/Home/jre/lib/ext/cldrdata.jar:/Library/Java/JavaVirtualMachines/jdk1.8.0_74.jdk/Contents/Home/jre/lib/ext/dnsns.jar:/Library/Java/JavaVirtualMachines/jdk1.8.0_74.jdk/Contents/Home/jre/lib/ext/jaccess.jar:/Library/Java/JavaVirtualMachines/jdk1.8.0_74.jdk/Contents/Home/jre/lib/ext/jfxrt.jar:/Library/Java/JavaVirtualMachines/jdk1.8.0_74.jdk/Contents/Home/jre/lib/ext/localedata.jar:/Library/Java/JavaVirtualMachines/jdk1.8.0_74.jdk/Contents/Home/jre/lib/ext/nashorn.jar:/Library/Java/JavaVirtualMachines/jdk1.8.0_74.jdk/Contents/Home/jre/lib/ext/sunec.jar:/Library/Java/JavaVirtualMachines/jdk1.8.0_74.jdk/Contents/Home/jre/lib/ext/sunjce_provider.jar:/Library/Java/JavaVirtualMachines/jdk1.8.0_74.jdk/Contents/Home/jre/lib/ext/sunpkcs11.jar:/Library/Java/JavaVirtualMachines/jdk1.8.0_74.jdk/Contents/Home/jre/lib/ext/zipfs.jar:/Library/Java/JavaVirtualMachines/jdk1.8.0_74.jdk/Contents/Home/jre/lib/javaws.jar:/Library/Java/JavaVirtualMachines/jdk1.8.0_74.jdk/Contents/Home/jre/lib/jce.jar:/Library/Java/JavaVirtualMachines/jdk1.8.0_74.jdk/Contents/Home/jre/lib/jfr.jar:/Library/Java/JavaVirtualMachines/jdk1.8.0_74.jdk/Contents/Home/jre/lib/jfxswt.jar:/Library/Java/JavaVirtualMachines/jdk1.8.0_74.jdk/Contents/Home/jre/lib/jsse.jar:/Library/Java/JavaVirtualMachines/jdk1.8.0_74.jdk/Contents/Home/jre/lib/management-agent.jar:/Library/Java/JavaVirtualMachines/jdk1.8.0_74.jdk/Contents/Home/jre/lib/plugin.jar:/Library/Java/JavaVirtualMachines/jdk1.8.0_74.jdk/Contents/Home/jre/lib/resources.jar:/Library/Java/JavaVirtualMachines/jdk1.8.0_74.jdk/Contents/Home/jre/lib/rt.jar:/Library/Java/JavaVirtualMachines/jdk1.8.0_74.jdk/Contents/Home/lib/ant-javafx.jar:/Library/Java/JavaVirtualMachines/jdk1.8.0_74.jdk/Contents/Home/lib/dt.jar:/Library/Ja
Launcher Type: SUN_STANDARD

Environment Variables:
PATH=/usr/local/bin:/usr/bin:/bin:/usr/sbin:/sbin:/Users/giovanni/Downloads/k/bin/
SHELL=/bin/zsh
DISPLAY=/private/tmp/com.apple.launchd.lcT8igMbr7/org.macosforge.xquartz:0

Signal Handlers:
SIGSEGV: [libjvm.dylib+0x5a6855], sa_mask[0]=11111111011111110111111111111111, sa_flags=SA_ONSTACK|SA_RESTART|SA_SIGINFO
SIGBUS: [libjvm.dylib+0x5a6855], sa_mask[0]=11111111011111110111111111111111, sa_flags=SA_RESTART|SA_SIGINFO
SIGFPE: [libjvm.dylib+0x4804ec], sa_mask[0]=11111111011111110111111111111111, sa_flags=SA_RESTART|SA_SIGINFO
SIGPIPE: [libjvm.dylib+0x4804ec], sa_mask[0]=11111111011111110111111111111111, sa_flags=SA_RESTART|SA_SIGINFO
SIGXFSZ: [libjvm.dylib+0x4804ec], sa_mask[0]=11111111011111110111111111111111, sa_flags=SA_RESTART|SA_SIGINFO
SIGILL: [libjvm.dylib+0x4804ec], sa_mask[0]=11111111011111110111111111111111, sa_flags=SA_RESTART|SA_SIGINFO
SIGUSR1: SIG_DFL, sa_mask[0]=00000000000000000000000000000000, sa_flags=none
SIGUSR2: [libjvm.dylib+0x48000a], sa_mask[0]=00100000000000000000000000000000, sa_flags=SA_RESTART|SA_SIGINFO
SIGHUP: [libjvm.dylib+0x47e5e1], sa_mask[0]=11111111011111110111111111111111, sa_flags=SA_RESTART|SA_SIGINFO
SIGINT: [libjvm.dylib+0x47e5e1], sa_mask[0]=11111111011111110111111111111111, sa_flags=SA_RESTART|SA_SIGINFO
SIGTERM: [libjvm.dylib+0x47e5e1], sa_mask[0]=11111111011111110111111111111111, sa_flags=SA_RESTART|SA_SIGINFO
SIGQUIT: [libjvm.dylib+0x47e5e1], sa_mask[0]=11111111011111110111111111111111, sa_flags=SA_RESTART|SA_SIGINFO


---------------  S Y S T E M  ---------------

OS:Bsduname:Darwin 15.5.0 Darwin Kernel Version 15.5.0: Tue Apr 19 18:36:36 PDT 2016; root:xnu-3248.50.21~8/RELEASE_X86_64 x86_64
rlimit: STACK 8192k, CORE 0k, NPROC 709, NOFILE 10240, AS infinity
load average:2.39 2.61 2.61

CPU:total 8 (4 cores per cpu, 2 threads per core) family 6 model 70 stepping 1, cmov, cx8, fxsr, mmx, sse, sse2, sse3, ssse3, sse4.1, sse4.2, popcnt, avx, avx2, aes, clmul, erms, lzcnt, ht, tsc, tscinvbit, bmi1, bmi2

Memory: 4k page, physical 16777216k(592112k free)

/proc/meminfo:


vm_info: Java HotSpot(TM) 64-Bit Server VM (25.74-b02) for bsd-amd64 JRE (1.8.0_74-b02), built on Jan 29 2016 15:32:34 by "java_re" with gcc 4.2.1 (Based on Apple Inc. build 5658) (LLVM build 2336.11.00)

time: Thu Jun  2 17:08:42 2016
elapsed time: 841 seconds (0d 0h 14m 1s)

