#
# A fatal error has been detected by the Java Runtime Environment:
#
#  SIGSEGV (0xb) at pc=0x000000012c55d161, pid=42668, tid=6915
#
# JRE version: Java(TM) SE Runtime Environment (8.0_74-b02) (build 1.8.0_74-b02)
# Java VM: Java HotSpot(TM) 64-Bit Server VM (25.74-b02 mixed mode bsd-amd64 compressed oops)
# Problematic frame:
# C  [libz3.dylib+0xb5161]  _ZN3opt7context16get_lower_as_numEj+0x221
#
# Failed to write core dump. Core dumps have been disabled. To enable core dumping, try "ulimit -c unlimited" before starting Java again
#
# If you would like to submit a bug report, please visit:
#   http://bugreport.java.com/bugreport/crash.jsp
# The crash happened outside the Java Virtual Machine in native code.
# See problematic frame for where to report the bug.
#

---------------  T H R E A D  ---------------

Current thread (0x00007fc034008800):  JavaThread "main" [_thread_in_native, id=6915, stack(0x0000700009d37000,0x0000700009e37000)]

siginfo: si_signo: 11 (SIGSEGV), si_code: 1 (SEGV_MAPERR), si_addr: 0x0000000000000010

Registers:
RAX=0x00007fc0360268c0, RBX=0x00007fc0314ae988, RCX=0x00000000f92c7d7c, RDX=0x0000000000000000
RSP=0x0000700009e34760, RBP=0x0000000000000000, RSI=0x00007fc0314ae758, RDI=0x0000000000000060
R8 =0x0000000000000000, R9 =0x0000700009e34e48, R10=0x00000001179d6e38, R11=0x000000010dcdbfb7
R12=0x0000700009e34820, R13=0x000000012d52fbc8, R14=0x0000700009e348a8, R15=0x0000700009e34820
RIP=0x000000012c55d161, EFLAGS=0x0000000000010246, ERR=0x0000000000000004
  TRAPNO=0x000000000000000e

Top of Stack: (sp=0x0000700009e34760)
0x0000700009e34760:   0000700009e347a0 00007fffb6843c1d
0x0000700009e34770:   00007fc0314a1f98 000000000000000a
0x0000700009e34780:   00007fc0314a1f98 00007fc031c911c0
0x0000700009e34790:   00007fc031c90c08 0000000000000000
0x0000700009e347a0:   000000012d516d20 0000700009e34928
0x0000700009e347b0:   0000700009e34950 000000012d516cf8
0x0000700009e347c0:   000000012d516d20 0000700009e34928
0x0000700009e347d0:   000000012d516dc8 00007fc031c90c08
0x0000700009e347e0:   00007fc033379a60 00007fc0314ae988
0x0000700009e347f0:   00007fc031c90c08 000000012d52fbc8
0x0000700009e34800:   0000700009e348a8 0000700009e34820
0x0000700009e34810:   0000000000000000 000000012c56497b
0x0000700009e34820:   0000000000000000 00007fc031f42e00
0x0000700009e34830:   0000000000000000 00007fc033101680
0x0000700009e34840:   0000700009e34860 000000010d8a3e46
0x0000700009e34850:   00000000776f6e06 0000000000000000
0x0000700009e34860:   0000000000000000 0000700009e34860
0x0000700009e34870:   0000000000000000 0000000300000000
0x0000700009e34880:   00007fc0314ae728 0000700009e34900
0x0000700009e34890:   00007fc034008800 000000012c532f84
0x0000700009e348a0:   0000000000000003 00000007c0000208
0x0000700009e348b0:   0000700009e34900 000000012b74bea8
0x0000700009e348c0:   0000000000000000 000000012b74bea8
0x0000700009e348d0:   0000700009e34998 00007fc034008800
0x0000700009e348e0:   0000700009e34958 00000001179d6e64
0x0000700009e348f0:   0000000000000003 00000007c0000208
0x0000700009e34900:   0000700009e34940 000000010dd71540
0x0000700009e34910:   0000000010000031 0000700009e34918
0x0000700009e34920:   0000000000000000 0000700009e34998
0x0000700009e34930:   000000012b777c28 0000000000000000
0x0000700009e34940:   000000012b74bea8 0000000000000000
0x0000700009e34950:   0000700009e34978 0000700009e349e0 

Instructions: (pc=0x000000012c55d161)
0x000000012c55d141:   1f 66 66 66 66 66 2e 0f 1f 84 00 00 00 00 00 39
0x000000012c55d151:   0e 75 dc 48 39 46 08 75 d6 48 89 f2 eb 02 31 d2
0x000000012c55d161:   48 8b 72 10 48 8d 5c 24 68 48 89 df e8 7e 7a ff
0x000000012c55d171:   ff c7 04 24 00 00 00 00 48 c7 44 24 08 00 00 00 

Register to memory mapping:

RAX=0x00007fc0360268c0 is an unknown value
RBX=0x00007fc0314ae988 is an unknown value
RCX=0x00000000f92c7d7c is an unknown value
RDX=0x0000000000000000 is an unknown value
RSP=0x0000700009e34760 is pointing into the stack for thread: 0x00007fc034008800
RBP=0x0000000000000000 is an unknown value
RSI=0x00007fc0314ae758 is an unknown value
RDI=0x0000000000000060 is an unknown value
R8 =0x0000000000000000 is an unknown value
R9 =0x0000700009e34e48 is pointing into the stack for thread: 0x00007fc034008800
R10=0x00000001179d6e38 is at code_begin+1528 in an Interpreter codelet
method entry point (kind = native)  [0x00000001179d6840, 0x00000001179d7760]  3872 bytes
R11=0x000000010dcdbfb7: throw_unsatisfied_link_error+0 in /Library/Java/JavaVirtualMachines/jdk1.8.0_74.jdk/Contents/Home/jre/lib/server/libjvm.dylib at 0x000000010d800000
R12=0x0000700009e34820 is pointing into the stack for thread: 0x00007fc034008800
R13=0x000000012d52fbc8: g_z3_log_enabled+0 in /usr/local/lib/libz3.dylib at 0x000000012c4a8000
R14=0x0000700009e348a8 is pointing into the stack for thread: 0x00007fc034008800
R15=0x0000700009e34820 is pointing into the stack for thread: 0x00007fc034008800


Stack: [0x0000700009d37000,0x0000700009e37000],  sp=0x0000700009e34760,  free space=1013k
Native frames: (J=compiled Java code, j=interpreted, Vv=VM code, C=native code)
C  [libz3.dylib+0xb5161]  _ZN3opt7context16get_lower_as_numEj+0x221

Java frames: (J=compiled Java code, j=interpreted, Vv=VM code)
j  com.microsoft.z3.Native.INTERNALoptimizeGetLower(JJI)J+0
j  com.microsoft.z3.Native.optimizeGetLower(JJI)J+4
j  com.microsoft.z3.Optimize.GetLower(I)Lcom/microsoft/z3/ArithExpr;+16
j  com.microsoft.z3.Optimize.access$000(Lcom/microsoft/z3/Optimize;I)Lcom/microsoft/z3/ArithExpr;+2
j  com.microsoft.z3.Optimize$Handle.getLower()Lcom/microsoft/z3/ArithExpr;+8
j  com.microsoft.z3.Optimize$Handle.getValue()Lcom/microsoft/z3/ArithExpr;+1
j  com.microsoft.z3.Optimize$Handle.toString()Ljava/lang/String;+1
v  ~StubRoutines::call_stub
j  smt.ModelCreator.verify_max(Lcom/microsoft/z3/IntExpr;)V+16
j  smt.ModelCreator.verifyVariable(Lcom/microsoft/z3/IntExpr;)V+7
j  smt.ModelCreator.verifyVariable(Ljava/lang/String;)V+8
j  smt.TranslateReducedModel.handleMethodCall(Lslicing/model/MethodCall;)V+34
j  smt.TranslateReducedModel.convert(Lslicing/model/interfaces/Stm;)V+66
j  smt.TranslateReducedModel.handleWhile(Lslicing/model/While;)V+50
j  smt.TranslateReducedModel.convert(Lslicing/model/interfaces/Stm;)V+84
j  smt.TranslateReducedModel.convert(Lslicing/model/Method;)Lcom/microsoft/z3/Optimize;+64
j  ModelCreator.TestTranslator.setUp()V+80
v  ~StubRoutines::call_stub
j  sun.reflect.NativeMethodAccessorImpl.invoke0(Ljava/lang/reflect/Method;Ljava/lang/Object;[Ljava/lang/Object;)Ljava/lang/Object;+0
j  sun.reflect.NativeMethodAccessorImpl.invoke(Ljava/lang/Object;[Ljava/lang/Object;)Ljava/lang/Object;+100
j  sun.reflect.DelegatingMethodAccessorImpl.invoke(Ljava/lang/Object;[Ljava/lang/Object;)Ljava/lang/Object;+6
j  java.lang.reflect.Method.invoke(Ljava/lang/Object;[Ljava/lang/Object;)Ljava/lang/Object;+56
j  org.junit.runners.model.FrameworkMethod$1.runReflectiveCall()Ljava/lang/Object;+15
j  org.junit.internal.runners.model.ReflectiveCallable.run()Ljava/lang/Object;+1
j  org.junit.runners.model.FrameworkMethod.invokeExplosively(Ljava/lang/Object;[Ljava/lang/Object;)Ljava/lang/Object;+10
j  org.junit.internal.runners.statements.RunBefores.evaluate()V+38
j  org.junit.runners.ParentRunner.runLeaf(Lorg/junit/runners/model/Statement;Lorg/junit/runner/Description;Lorg/junit/runner/notification/RunNotifier;)V+17
j  org.junit.runners.BlockJUnit4ClassRunner.runChild(Lorg/junit/runners/model/FrameworkMethod;Lorg/junit/runner/notification/RunNotifier;)V+32
j  org.junit.runners.BlockJUnit4ClassRunner.runChild(Ljava/lang/Object;Lorg/junit/runner/notification/RunNotifier;)V+6
j  org.junit.runners.ParentRunner$3.run()V+12
j  org.junit.runners.ParentRunner$1.schedule(Ljava/lang/Runnable;)V+1
j  org.junit.runners.ParentRunner.runChildren(Lorg/junit/runner/notification/RunNotifier;)V+40
j  org.junit.runners.ParentRunner.access$000(Lorg/junit/runners/ParentRunner;Lorg/junit/runner/notification/RunNotifier;)V+2
j  org.junit.runners.ParentRunner$2.evaluate()V+8
j  org.junit.runners.ParentRunner.run(Lorg/junit/runner/notification/RunNotifier;)V+20
j  org.junit.runner.JUnitCore.run(Lorg/junit/runner/Runner;)Lorg/junit/runner/Result;+37
j  com.intellij.junit4.JUnit4IdeaTestRunner.startRunnerWithArgs([Ljava/lang/String;Ljava/lang/String;IZ)I+146
j  com.intellij.rt.execution.junit.IdeaTestRunner$Repeater.startRunnerWithArgs(Lcom/intellij/rt/execution/junit/IdeaTestRunner;[Ljava/lang/String;Ljava/util/ArrayList;Ljava/lang/String;IZ)I+20
j  com.intellij.rt.execution.junit.JUnitStarter.prepareStreamsAndStart([Ljava/lang/String;Ljava/lang/String;Ljava/util/ArrayList;Ljava/lang/String;)I+116
j  com.intellij.rt.execution.junit.JUnitStarter.main([Ljava/lang/String;)V+116
v  ~StubRoutines::call_stub

---------------  P R O C E S S  ---------------

Java Threads: ( => current thread )
  0x00007fc033814000 JavaThread "Service Thread" daemon [_thread_blocked, id=22787, stack(0x000070000b1f6000,0x000070000b2f6000)]
  0x00007fc032801000 JavaThread "C1 CompilerThread3" daemon [_thread_blocked, id=22275, stack(0x000070000b0f3000,0x000070000b1f3000)]
  0x00007fc035811000 JavaThread "C2 CompilerThread2" daemon [_thread_blocked, id=21763, stack(0x000070000aff0000,0x000070000b0f0000)]
  0x00007fc035810800 JavaThread "C2 CompilerThread1" daemon [_thread_blocked, id=21251, stack(0x000070000aeed000,0x000070000afed000)]
  0x00007fc03500a000 JavaThread "C2 CompilerThread0" daemon [_thread_blocked, id=20739, stack(0x000070000adea000,0x000070000aeea000)]
  0x00007fc032000800 JavaThread "JDWP Command Reader" daemon [_thread_in_native, id=20227, stack(0x000070000ace7000,0x000070000ade7000)]
  0x00007fc035805000 JavaThread "JDWP Event Helper Thread" daemon [_thread_blocked, id=19715, stack(0x000070000abe4000,0x000070000ace4000)]
  0x00007fc035804800 JavaThread "JDWP Transport Listener: dt_socket" daemon [_thread_blocked, id=19203, stack(0x000070000aae1000,0x000070000abe1000)]
  0x00007fc031817800 JavaThread "Signal Dispatcher" daemon [_thread_blocked, id=18691, stack(0x000070000a9de000,0x000070000aade000)]
  0x00007fc035008000 JavaThread "Finalizer" daemon [_thread_blocked, id=14339, stack(0x000070000a858000,0x000070000a958000)]
  0x00007fc034810000 JavaThread "Reference Handler" daemon [_thread_blocked, id=13827, stack(0x000070000a755000,0x000070000a855000)]
=>0x00007fc034008800 JavaThread "main" [_thread_in_native, id=6915, stack(0x0000700009d37000,0x0000700009e37000)]

Other Threads:
  0x00007fc034040000 VMThread [stack: 0x000070000a652000,0x000070000a752000] [id=13315]
  0x00007fc031830800 WatcherThread [stack: 0x000070000b2f9000,0x000070000b3f9000] [id=23299]

VM state:not at safepoint (normal execution)

VM Mutex/Monitor currently owned by a thread: None

Heap:
 PSYoungGen      total 76288K, used 42529K [0x000000076ab00000, 0x0000000770000000, 0x00000007c0000000)
  eden space 65536K, 48% used [0x000000076ab00000,0x000000076ca087b8,0x000000076eb00000)
  from space 10752K, 99% used [0x000000076eb00000,0x000000076f57ff58,0x000000076f580000)
  to   space 10752K, 0% used [0x000000076f580000,0x000000076f580000,0x0000000770000000)
 ParOldGen       total 175104K, used 686K [0x00000006c0000000, 0x00000006cab00000, 0x000000076ab00000)
  object space 175104K, 0% used [0x00000006c0000000,0x00000006c00abad0,0x00000006cab00000)
 Metaspace       used 16609K, capacity 16782K, committed 17152K, reserved 1064960K
  class space    used 1660K, capacity 1731K, committed 1792K, reserved 1048576K

Card table byte_map: [0x000000010eb4f000,0x000000010f350000] byte_map_base: 0x000000010b54f000

Marking Bits: (ParMarkBitMap*) 0x000000010e0e3ea0
 Begin Bits: [0x000000010f8a6000, 0x00000001138a6000)
 End Bits:   [0x00000001138a6000, 0x00000001178a6000)

Polling page: 0x000000010c66b000

CodeCache: size=245760Kb used=4857Kb max_used=4857Kb free=240902Kb
 bounds [0x00000001179ba000, 0x0000000117e7a000, 0x00000001269ba000]
 total_blobs=1648 nmethods=1230 adapters=339
 compilation: enabled

Compilation events (10 events):
Event: 1.272 Thread 0x00007fc032801000 nmethod 1226 0x0000000117e72890 code [0x0000000117e729e0, 0x0000000117e72af0]
Event: 1.272 Thread 0x00007fc032801000 1228       3       intermediateModel.visitors.DefualtASTREVisitor::exitASTMethodCall (1 bytes)
Event: 1.272 Thread 0x00007fc032801000 nmethod 1228 0x0000000117e72b50 code [0x0000000117e72ca0, 0x0000000117e72df0]
Event: 1.272 Thread 0x00007fc035811000 nmethod 1227 0x0000000117e75b50 code [0x0000000117e75ca0, 0x0000000117e75d58]
Event: 1.284 Thread 0x00007fc03500a000 1229       4       java.util.BitSet::checkInvariants (111 bytes)
Event: 1.284 Thread 0x00007fc03500a000 nmethod 1229 0x0000000117e75e10 code [0x0000000117e75f60, 0x0000000117e75fb8]
Event: 1.305 Thread 0x00007fc032801000 1230       1       com.microsoft.z3.Z3Object::getContext (5 bytes)
Event: 1.305 Thread 0x00007fc032801000 nmethod 1230 0x0000000117e79490 code [0x0000000117e795e0, 0x0000000117e796f0]
Event: 1.305 Thread 0x00007fc032801000 1231       3       java.lang.Integer::valueOf (32 bytes)
Event: 1.306 Thread 0x00007fc032801000 nmethod 1231 0x0000000117e79750 code [0x0000000117e798e0, 0x0000000117e79c30]

GC Heap History (2 events):
Event: 0.890 GC heap before
{Heap before GC invocations=1 (full 0):
 PSYoungGen      total 76288K, used 65536K [0x000000076ab00000, 0x0000000770000000, 0x00000007c0000000)
  eden space 65536K, 100% used [0x000000076ab00000,0x000000076eb00000,0x000000076eb00000)
  from space 10752K, 0% used [0x000000076f580000,0x000000076f580000,0x0000000770000000)
  to   space 10752K, 0% used [0x000000076eb00000,0x000000076eb00000,0x000000076f580000)
 ParOldGen       total 175104K, used 0K [0x00000006c0000000, 0x00000006cab00000, 0x000000076ab00000)
  object space 175104K, 0% used [0x00000006c0000000,0x00000006c0000000,0x00000006cab00000)
 Metaspace       used 11493K, capacity 11586K, committed 11776K, reserved 1060864K
  class space    used 1137K, capacity 1171K, committed 1280K, reserved 1048576K
Event: 0.897 GC heap after
Heap after GC invocations=1 (full 0):
 PSYoungGen      total 76288K, used 10751K [0x000000076ab00000, 0x0000000770000000, 0x00000007c0000000)
  eden space 65536K, 0% used [0x000000076ab00000,0x000000076ab00000,0x000000076eb00000)
  from space 10752K, 99% used [0x000000076eb00000,0x000000076f57ff58,0x000000076f580000)
  to   space 10752K, 0% used [0x000000076f580000,0x000000076f580000,0x0000000770000000)
 ParOldGen       total 175104K, used 686K [0x00000006c0000000, 0x00000006cab00000, 0x000000076ab00000)
  object space 175104K, 0% used [0x00000006c0000000,0x00000006c00abad0,0x00000006cab00000)
 Metaspace       used 11493K, capacity 11586K, committed 11776K, reserved 1060864K
  class space    used 1137K, capacity 1171K, committed 1280K, reserved 1048576K
}

Deoptimization events (10 events):
Event: 0.529 Thread 0x00007fc034008800 Uncommon trap: reason=class_check action=maybe_recompile pc=0x0000000117bb50f4 method=java.util.HashMap.putVal(ILjava/lang/Object;Ljava/lang/Object;ZZ)Ljava/lang/Object; @ 203
Event: 0.529 Thread 0x00007fc034008800 Uncommon trap: reason=bimorphic action=maybe_recompile pc=0x0000000117bb5144 method=java.util.HashMap.putVal(ILjava/lang/Object;Ljava/lang/Object;ZZ)Ljava/lang/Object; @ 91
Event: 0.529 Thread 0x00007fc034008800 Uncommon trap: reason=bimorphic action=maybe_recompile pc=0x0000000117bb5144 method=java.util.HashMap.putVal(ILjava/lang/Object;Ljava/lang/Object;ZZ)Ljava/lang/Object; @ 91
Event: 0.624 Thread 0x00007fc034008800 Uncommon trap: reason=unstable_if action=reinterpret pc=0x0000000117c6e3cc method=java.util.HashMap.tableSizeFor(I)I @ 37
Event: 1.052 Thread 0x00007fc034008800 Uncommon trap: reason=bimorphic action=maybe_recompile pc=0x0000000117cdebd4 method=java.util.Hashtable.put(Ljava/lang/Object;Ljava/lang/Object;)Ljava/lang/Object; @ 18
Event: 1.167 Thread 0x00007fc034008800 Uncommon trap: reason=unstable_if action=reinterpret pc=0x0000000117bd7b18 method=java.lang.ref.SoftReference.get()Ljava/lang/Object; @ 17
Event: 1.168 Thread 0x00007fc034008800 Uncommon trap: reason=unstable_if action=reinterpret pc=0x0000000117c2e4fc method=java.lang.ref.SoftReference.get()Ljava/lang/Object; @ 17
Event: 1.192 Thread 0x00007fc034008800 Uncommon trap: reason=unstable_if action=reinterpret pc=0x0000000117d2e920 method=java.lang.String.lastIndexOf([CII[CIII)I @ 66
Event: 1.238 Thread 0x00007fc034008800 Uncommon trap: reason=unstable_if action=reinterpret pc=0x0000000117c4d45c method=java.util.Arrays.equals([B[B)Z @ 2
Event: 1.263 Thread 0x00007fc034008800 Uncommon trap: reason=unstable_if action=reinterpret pc=0x0000000117e693c0 method=intermediateModelHelper.envirorment.EnvMethod.equals(Ljava/lang/Object;)Z @ 80

Internal exceptions (10 events):
Event: 0.138 Thread 0x00007fc034008800 Exception <a 'java/security/PrivilegedActionException'> (0x000000076b0a8d50) thrown at [/Users/java_re/workspace/8-2-build-macosx-x86_64/jdk8u74/6087/hotspot/src/share/vm/prims/jvm.cpp, line 1386]
Event: 0.624 Thread 0x00007fc034008800 Exception <a 'java/io/FileNotFoundException'> (0x000000076d6e3570) thrown at [/Users/java_re/workspace/8-2-build-macosx-x86_64/jdk8u74/6087/hotspot/src/share/vm/prims/jni.cpp, line 709]
Event: 0.858 Thread 0x00007fc034008800 Exception <a 'java/lang/ArrayIndexOutOfBoundsException': 2911> (0x000000076e816bc8) thrown at [/Users/java_re/workspace/8-2-build-macosx-x86_64/jdk8u74/6087/hotspot/src/share/vm/interpreter/interpreterRuntime.cpp, line 366]
Event: 1.228 Thread 0x00007fc034008800 Exception <a 'java/lang/NoSuchFieldError': method resolution failed> (0x000000076c4acee8) thrown at [/Users/java_re/workspace/8-2-build-macosx-x86_64/jdk8u74/6087/hotspot/src/share/vm/prims/methodHandles.cpp, line 1146]
Event: 1.229 Thread 0x00007fc034008800 Exception <a 'java/lang/NoSuchFieldError': method resolution failed> (0x000000076c4ba5a8) thrown at [/Users/java_re/workspace/8-2-build-macosx-x86_64/jdk8u74/6087/hotspot/src/share/vm/prims/methodHandles.cpp, line 1146]
Event: 1.253 Thread 0x00007fc034008800 Exception <a 'java/io/FileNotFoundException'> (0x000000076c5f1de0) thrown at [/Users/java_re/workspace/8-2-build-macosx-x86_64/jdk8u74/6087/hotspot/src/share/vm/prims/jni.cpp, line 709]
Event: 1.253 Thread 0x00007fc034008800 Exception <a 'java/io/FileNotFoundException'> (0x000000076c5f2bd8) thrown at [/Users/java_re/workspace/8-2-build-macosx-x86_64/jdk8u74/6087/hotspot/src/share/vm/prims/jni.cpp, line 709]
Event: 1.253 Thread 0x00007fc034008800 Exception <a 'java/io/FileNotFoundException'> (0x000000076c5f39e8) thrown at [/Users/java_re/workspace/8-2-build-macosx-x86_64/jdk8u74/6087/hotspot/src/share/vm/prims/jni.cpp, line 709]
Event: 1.253 Thread 0x00007fc034008800 Exception <a 'java/io/FileNotFoundException'> (0x000000076c5f47f8) thrown at [/Users/java_re/workspace/8-2-build-macosx-x86_64/jdk8u74/6087/hotspot/src/share/vm/prims/jni.cpp, line 709]
Event: 1.253 Thread 0x00007fc034008800 Exception <a 'java/io/FileNotFoundException'> (0x000000076c5f5630) thrown at [/Users/java_re/workspace/8-2-build-macosx-x86_64/jdk8u74/6087/hotspot/src/share/vm/prims/jni.cpp, line 709]

Events (10 events):
Event: 9.265 Executing VM operation: GetOrSetLocal
Event: 9.265 Executing VM operation: GetOrSetLocal done
Event: 9.266 Executing VM operation: GetOrSetLocal
Event: 9.266 Executing VM operation: GetOrSetLocal done
Event: 9.284 Executing VM operation: GetOrSetLocal
Event: 9.284 Executing VM operation: GetOrSetLocal done
Event: 9.284 Executing VM operation: GetOrSetLocal
Event: 9.284 Executing VM operation: GetOrSetLocal done
Event: 9.286 Executing VM operation: ForceSafepoint
Event: 9.286 Executing VM operation: ForceSafepoint done


Dynamic libraries:
0x000000002d0fd000 	/System/Library/Frameworks/Cocoa.framework/Versions/A/Cocoa
0x000000002d0fd000 	/System/Library/Frameworks/Security.framework/Versions/A/Security
0x000000002d0fd000 	/System/Library/Frameworks/ApplicationServices.framework/Versions/A/ApplicationServices
0x000000002d0fd000 	/usr/lib/libz.1.dylib
0x000000002d0fd000 	/usr/lib/libSystem.B.dylib
0x000000002d0fd000 	/usr/lib/libobjc.A.dylib
0x000000002d0fd000 	/System/Library/Frameworks/CoreFoundation.framework/Versions/A/CoreFoundation
0x000000002d0fd000 	/System/Library/Frameworks/Foundation.framework/Versions/C/Foundation
0x000000002d0fd000 	/System/Library/Frameworks/AppKit.framework/Versions/C/AppKit
0x000000002d0fd000 	/System/Library/Frameworks/CoreData.framework/Versions/A/CoreData
0x000000002d0fd000 	/System/Library/PrivateFrameworks/RemoteViewServices.framework/Versions/A/RemoteViewServices
0x000000002d0fd000 	/System/Library/PrivateFrameworks/UIFoundation.framework/Versions/A/UIFoundation
0x000000002d0fd000 	/System/Library/PrivateFrameworks/DFRFoundation.framework/Versions/A/DFRFoundation
0x000000002d0fd000 	/usr/lib/libenergytrace.dylib
0x000000002d0fd000 	/System/Library/PrivateFrameworks/SkyLight.framework/Versions/A/SkyLight
0x000000002d0fd000 	/System/Library/Frameworks/CoreGraphics.framework/Versions/A/CoreGraphics
0x000000002d0fd000 	/usr/lib/libScreenReader.dylib
0x000000002d0fd000 	/System/Library/Frameworks/Accelerate.framework/Versions/A/Accelerate
0x000000002d0fd000 	/System/Library/Frameworks/IOSurface.framework/Versions/A/IOSurface
0x000000002d0fd000 	/System/Library/Frameworks/AudioToolbox.framework/Versions/A/AudioToolbox
0x000000002d0fd000 	/System/Library/Frameworks/AudioUnit.framework/Versions/A/AudioUnit
0x000000002d0fd000 	/System/Library/PrivateFrameworks/DataDetectorsCore.framework/Versions/A/DataDetectorsCore
0x000000002d0fd000 	/System/Library/PrivateFrameworks/DesktopServicesPriv.framework/Versions/A/DesktopServicesPriv
0x000000002d0fd000 	/System/Library/Frameworks/Carbon.framework/Versions/A/Frameworks/HIToolbox.framework/Versions/A/HIToolbox
0x000000002d0fd000 	/usr/lib/libicucore.A.dylib
0x000000002d0fd000 	/System/Library/Frameworks/QuartzCore.framework/Versions/A/QuartzCore
0x000000002d0fd000 	/System/Library/Frameworks/Carbon.framework/Versions/A/Frameworks/SpeechRecognition.framework/Versions/A/SpeechRecognition
0x000000002d0fd000 	/usr/lib/libauto.dylib
0x000000002d0fd000 	/usr/lib/libxml2.2.dylib
0x000000002d0fd000 	/System/Library/PrivateFrameworks/CoreUI.framework/Versions/A/CoreUI
0x000000002d0fd000 	/System/Library/Frameworks/CoreAudio.framework/Versions/A/CoreAudio
0x000000002d0fd000 	/System/Library/Frameworks/DiskArbitration.framework/Versions/A/DiskArbitration
0x000000002d0fd000 	/usr/lib/liblangid.dylib
0x000000002d0fd000 	/System/Library/PrivateFrameworks/MultitouchSupport.framework/Versions/A/MultitouchSupport
0x000000002d0fd000 	/System/Library/Frameworks/IOKit.framework/Versions/A/IOKit
0x000000002d0fd000 	/usr/lib/libDiagnosticMessagesClient.dylib
0x000000002d0fd000 	/System/Library/Frameworks/CoreServices.framework/Versions/A/CoreServices
0x000000002d0fd000 	/System/Library/PrivateFrameworks/PerformanceAnalysis.framework/Versions/A/PerformanceAnalysis
0x000000002d0fd000 	/System/Library/PrivateFrameworks/GenerationalStorage.framework/Versions/A/GenerationalStorage
0x000000002d0fd000 	/System/Library/Frameworks/OpenGL.framework/Versions/A/OpenGL
0x000000002d0fd000 	/System/Library/Frameworks/CoreImage.framework/Versions/A/CoreImage
0x000000002d0fd000 	/System/Library/Frameworks/CoreText.framework/Versions/A/CoreText
0x000000002d0fd000 	/System/Library/Frameworks/ImageIO.framework/Versions/A/ImageIO
0x000000002d0fd000 	/System/Library/PrivateFrameworks/Backup.framework/Versions/A/Backup
0x000000002d0fd000 	/usr/lib/libarchive.2.dylib
0x000000002d0fd000 	/System/Library/Frameworks/CFNetwork.framework/Versions/A/CFNetwork
0x000000002d0fd000 	/System/Library/Frameworks/SystemConfiguration.framework/Versions/A/SystemConfiguration
0x000000002d0fd000 	/usr/lib/libCRFSuite.dylib
0x000000002d0fd000 	/usr/lib/libc++.1.dylib
0x000000002d0fd000 	/usr/lib/libc++abi.dylib
0x000000002d0fd000 	/usr/lib/system/libcache.dylib
0x000000002d0fd000 	/usr/lib/system/libcommonCrypto.dylib
0x000000002d0fd000 	/usr/lib/system/libcompiler_rt.dylib
0x000000002d0fd000 	/usr/lib/system/libcopyfile.dylib
0x000000002d0fd000 	/usr/lib/system/libcorecrypto.dylib
0x000000002d0fd000 	/usr/lib/system/libdispatch.dylib
0x000000002d0fd000 	/usr/lib/system/libdyld.dylib
0x000000002d0fd000 	/usr/lib/system/libkeymgr.dylib
0x000000002d0fd000 	/usr/lib/system/liblaunch.dylib
0x000000002d0fd000 	/usr/lib/system/libmacho.dylib
0x000000002d0fd000 	/usr/lib/system/libquarantine.dylib
0x000000002d0fd000 	/usr/lib/system/libremovefile.dylib
0x000000002d0fd000 	/usr/lib/system/libsystem_asl.dylib
0x000000002d0fd000 	/usr/lib/system/libsystem_blocks.dylib
0x000000002d0fd000 	/usr/lib/system/libsystem_c.dylib
0x000000002d0fd000 	/usr/lib/system/libsystem_configuration.dylib
0x000000002d0fd000 	/usr/lib/system/libsystem_coreservices.dylib
0x000000002d0fd000 	/usr/lib/system/libsystem_coretls.dylib
0x000000002d0fd000 	/usr/lib/system/libsystem_dnssd.dylib
0x000000002d0fd000 	/usr/lib/system/libsystem_info.dylib
0x000000002d0fd000 	/usr/lib/system/libsystem_kernel.dylib
0x000000002d0fd000 	/usr/lib/system/libsystem_m.dylib
0x000000002d0fd000 	/usr/lib/system/libsystem_malloc.dylib
0x000000002d0fd000 	/usr/lib/system/libsystem_network.dylib
0x000000002d0fd000 	/usr/lib/system/libsystem_networkextension.dylib
0x000000002d0fd000 	/usr/lib/system/libsystem_notify.dylib
0x000000002d0fd000 	/usr/lib/system/libsystem_platform.dylib
0x000000002d0fd000 	/usr/lib/system/libsystem_pthread.dylib
0x000000002d0fd000 	/usr/lib/system/libsystem_sandbox.dylib
0x000000002d0fd000 	/usr/lib/system/libsystem_secinit.dylib
0x000000002d0fd000 	/usr/lib/system/libsystem_symptoms.dylib
0x000000002d0fd000 	/usr/lib/system/libsystem_trace.dylib
0x000000002d0fd000 	/usr/lib/system/libunwind.dylib
0x000000002d0fd000 	/usr/lib/system/libxpc.dylib
0x000000002d0fd000 	/usr/lib/libbsm.0.dylib
0x000000002d0fd000 	/usr/lib/system/libkxld.dylib
0x000000002d0fd000 	/usr/lib/libcoretls.dylib
0x000000002d0fd000 	/usr/lib/libcoretls_cfhelpers.dylib
0x000000002d0fd000 	/usr/lib/libOpenScriptingUtil.dylib
0x000000002d0fd000 	/usr/lib/libpam.2.dylib
0x000000002d0fd000 	/usr/lib/libsqlite3.dylib
0x000000002d0fd000 	/usr/lib/libxar.1.dylib
0x000000002d0fd000 	/usr/lib/libbz2.1.0.dylib
0x000000002d0fd000 	/usr/lib/liblzma.5.dylib
0x000000002d0fd000 	/usr/lib/libnetwork.dylib
0x000000002d0fd000 	/usr/lib/libpcap.A.dylib
0x000000002d0fd000 	/System/Library/Frameworks/CoreServices.framework/Versions/A/Frameworks/FSEvents.framework/Versions/A/FSEvents
0x000000002d0fd000 	/System/Library/Frameworks/CoreServices.framework/Versions/A/Frameworks/CarbonCore.framework/Versions/A/CarbonCore
0x000000002d0fd000 	/System/Library/Frameworks/CoreServices.framework/Versions/A/Frameworks/Metadata.framework/Versions/A/Metadata
0x000000002d0fd000 	/System/Library/Frameworks/CoreServices.framework/Versions/A/Frameworks/OSServices.framework/Versions/A/OSServices
0x000000002d0fd000 	/System/Library/Frameworks/CoreServices.framework/Versions/A/Frameworks/SearchKit.framework/Versions/A/SearchKit
0x000000002d0fd000 	/System/Library/Frameworks/CoreServices.framework/Versions/A/Frameworks/AE.framework/Versions/A/AE
0x000000002d0fd000 	/System/Library/Frameworks/CoreServices.framework/Versions/A/Frameworks/LaunchServices.framework/Versions/A/LaunchServices
0x000000002d0fd000 	/System/Library/Frameworks/CoreServices.framework/Versions/A/Frameworks/DictionaryServices.framework/Versions/A/DictionaryServices
0x000000002d0fd000 	/System/Library/Frameworks/CoreServices.framework/Versions/A/Frameworks/SharedFileList.framework/Versions/A/SharedFileList
0x000000002d0fd000 	/System/Library/Frameworks/NetFS.framework/Versions/A/NetFS
0x000000002d0fd000 	/System/Library/PrivateFrameworks/NetAuth.framework/Versions/A/NetAuth
0x000000002d0fd000 	/System/Library/PrivateFrameworks/login.framework/Versions/A/Frameworks/loginsupport.framework/Versions/A/loginsupport
0x000000002d0fd000 	/System/Library/PrivateFrameworks/TCC.framework/Versions/A/TCC
0x000000002d0fd000 	/usr/lib/libmecabra.dylib
0x000000002d0fd000 	/System/Library/Frameworks/ApplicationServices.framework/Versions/A/Frameworks/ATS.framework/Versions/A/ATS
0x000000002d0fd000 	/System/Library/Frameworks/ApplicationServices.framework/Versions/A/Frameworks/ColorSync.framework/Versions/A/ColorSync
0x000000002d0fd000 	/System/Library/Frameworks/ApplicationServices.framework/Versions/A/Frameworks/HIServices.framework/Versions/A/HIServices
0x000000002d0fd000 	/System/Library/Frameworks/ApplicationServices.framework/Versions/A/Frameworks/LangAnalysis.framework/Versions/A/LangAnalysis
0x000000002d0fd000 	/System/Library/Frameworks/ApplicationServices.framework/Versions/A/Frameworks/PrintCore.framework/Versions/A/PrintCore
0x000000002d0fd000 	/System/Library/Frameworks/ApplicationServices.framework/Versions/A/Frameworks/QD.framework/Versions/A/QD
0x000000002d0fd000 	/System/Library/Frameworks/ApplicationServices.framework/Versions/A/Frameworks/SpeechSynthesis.framework/Versions/A/SpeechSynthesis
0x000000002d0fd000 	/System/Library/Frameworks/Accelerate.framework/Versions/A/Frameworks/vImage.framework/Versions/A/vImage
0x000000002d0fd000 	/System/Library/Frameworks/Accelerate.framework/Versions/A/Frameworks/vecLib.framework/Versions/A/vecLib
0x000000002d0fd000 	/System/Library/Frameworks/Accelerate.framework/Versions/A/Frameworks/vecLib.framework/Versions/A/libvDSP.dylib
0x000000002d0fd000 	/System/Library/Frameworks/Accelerate.framework/Versions/A/Frameworks/vecLib.framework/Versions/A/libBNNS.dylib
0x000000002d0fd000 	/System/Library/Frameworks/Accelerate.framework/Versions/A/Frameworks/vecLib.framework/Versions/A/libQuadrature.dylib
0x000000002d0fd000 	/System/Library/Frameworks/Accelerate.framework/Versions/A/Frameworks/vecLib.framework/Versions/A/libvMisc.dylib
0x000000002d0fd000 	/System/Library/Frameworks/Accelerate.framework/Versions/A/Frameworks/vecLib.framework/Versions/A/libLAPACK.dylib
0x000000002d0fd000 	/System/Library/Frameworks/Accelerate.framework/Versions/A/Frameworks/vecLib.framework/Versions/A/libBLAS.dylib
0x000000002d0fd000 	/System/Library/Frameworks/Accelerate.framework/Versions/A/Frameworks/vecLib.framework/Versions/A/libLinearAlgebra.dylib
0x000000002d0fd000 	/System/Library/Frameworks/Accelerate.framework/Versions/A/Frameworks/vecLib.framework/Versions/A/libSparseBLAS.dylib
0x000000002d0fd000 	/System/Library/Frameworks/ApplicationServices.framework/Versions/A/Frameworks/ATS.framework/Versions/A/Resources/libFontParser.dylib
0x000000002d0fd000 	/System/Library/Frameworks/ApplicationServices.framework/Versions/A/Frameworks/ATS.framework/Versions/A/Resources/libFontRegistry.dylib
0x000000002d0fd000 	/System/Library/Frameworks/ImageIO.framework/Versions/A/Resources/libJPEG.dylib
0x000000002d0fd000 	/System/Library/Frameworks/ImageIO.framework/Versions/A/Resources/libTIFF.dylib
0x000000002d0fd000 	/System/Library/Frameworks/ImageIO.framework/Versions/A/Resources/libPng.dylib
0x000000002d0fd000 	/System/Library/Frameworks/ImageIO.framework/Versions/A/Resources/libGIF.dylib
0x000000002d0fd000 	/System/Library/Frameworks/ImageIO.framework/Versions/A/Resources/libJP2.dylib
0x000000002d0fd000 	/System/Library/Frameworks/ImageIO.framework/Versions/A/Resources/libRadiance.dylib
0x000000002d0fd000 	/usr/lib/libcompression.dylib
0x000000002d0fd000 	/System/Library/PrivateFrameworks/AppleJPEG.framework/Versions/A/AppleJPEG
0x000000002d0fd000 	/usr/lib/libcups.2.dylib
0x000000002d0fd000 	/System/Library/Frameworks/Kerberos.framework/Versions/A/Kerberos
0x000000002d0fd000 	/System/Library/Frameworks/GSS.framework/Versions/A/GSS
0x000000002d0fd000 	/usr/lib/libresolv.9.dylib
0x000000002d0fd000 	/usr/lib/libiconv.2.dylib
0x000000002d0fd000 	/System/Library/PrivateFrameworks/Heimdal.framework/Versions/A/Heimdal
0x000000002d0fd000 	/usr/lib/libheimdal-asn1.dylib
0x000000002d0fd000 	/System/Library/Frameworks/OpenDirectory.framework/Versions/A/OpenDirectory
0x000000002d0fd000 	/System/Library/PrivateFrameworks/CommonAuth.framework/Versions/A/CommonAuth
0x000000002d0fd000 	/System/Library/Frameworks/OpenDirectory.framework/Versions/A/Frameworks/CFOpenDirectory.framework/Versions/A/CFOpenDirectory
0x000000002d0fd000 	/System/Library/Frameworks/SecurityFoundation.framework/Versions/A/SecurityFoundation
0x000000002d0fd000 	/System/Library/PrivateFrameworks/LanguageModeling.framework/Versions/A/LanguageModeling
0x000000002d0fd000 	/usr/lib/libmarisa.dylib
0x000000002d0fd000 	/usr/lib/libChineseTokenizer.dylib
0x000000002d0fd000 	/usr/lib/libcmph.dylib
0x000000002d0fd000 	/System/Library/PrivateFrameworks/CoreEmoji.framework/Versions/A/CoreEmoji
0x000000002d0fd000 	/System/Library/Frameworks/ServiceManagement.framework/Versions/A/ServiceManagement
0x000000002d0fd000 	/usr/lib/libxslt.1.dylib
0x000000002d0fd000 	/System/Library/Frameworks/Carbon.framework/Versions/A/Frameworks/Ink.framework/Versions/A/Ink
0x000000002d0fd000 	/System/Library/PrivateFrameworks/TextureIO.framework/Versions/A/TextureIO
0x000000002d0fd000 	/System/Library/Frameworks/Metal.framework/Versions/A/Metal
0x000000002d0fd000 	/usr/lib/libate.dylib
0x000000002d0fd000 	/System/Library/PrivateFrameworks/GPUCompiler.framework/libmetal_timestamp.dylib
0x000000002d0fd000 	/System/Library/Frameworks/OpenGL.framework/Versions/A/Libraries/libCoreFSCache.dylib
0x000000002d0fd000 	/System/Library/PrivateFrameworks/IOAccelerator.framework/Versions/A/IOAccelerator
0x000000002d0fd000 	/System/Library/Frameworks/CoreVideo.framework/Versions/A/CoreVideo
0x000000002d0fd000 	/usr/lib/libFosl_dynamic.dylib
0x000000002d0fd000 	/System/Library/PrivateFrameworks/MetalPerformanceShaders.framework/Versions/A/MetalPerformanceShaders
0x000000002d0fd000 	/System/Library/PrivateFrameworks/FaceCore.framework/Versions/A/FaceCore
0x000000002d0fd000 	/System/Library/Frameworks/OpenCL.framework/Versions/A/OpenCL
0x000000002d0fd000 	/System/Library/Frameworks/OpenGL.framework/Versions/A/Libraries/libGLU.dylib
0x000000002d0fd000 	/System/Library/Frameworks/OpenGL.framework/Versions/A/Libraries/libGFXShared.dylib
0x000000002d0fd000 	/System/Library/Frameworks/OpenGL.framework/Versions/A/Libraries/libGL.dylib
0x000000002d0fd000 	/System/Library/Frameworks/OpenGL.framework/Versions/A/Libraries/libGLImage.dylib
0x000000002d0fd000 	/System/Library/Frameworks/OpenGL.framework/Versions/A/Libraries/libCVMSPluginSupport.dylib
0x000000002d0fd000 	/System/Library/Frameworks/OpenGL.framework/Versions/A/Libraries/libCoreVMClient.dylib
0x000000002d0fd000 	/System/Library/PrivateFrameworks/CrashReporterSupport.framework/Versions/A/CrashReporterSupport
0x000000002d0fd000 	/System/Library/PrivateFrameworks/Sharing.framework/Versions/A/Sharing
0x000000002d0fd000 	/System/Library/PrivateFrameworks/IconServices.framework/Versions/A/IconServices
0x000000002d0fd000 	/System/Library/PrivateFrameworks/ProtocolBuffer.framework/Versions/A/ProtocolBuffer
0x000000002d0fd000 	/System/Library/PrivateFrameworks/Apple80211.framework/Versions/A/Apple80211
0x000000002d0fd000 	/System/Library/Frameworks/CoreWLAN.framework/Versions/A/CoreWLAN
0x000000002d0fd000 	/System/Library/PrivateFrameworks/CoreUtils.framework/Versions/A/CoreUtils
0x000000002d0fd000 	/System/Library/Frameworks/IOBluetooth.framework/Versions/A/IOBluetooth
0x000000002d0fd000 	/System/Library/PrivateFrameworks/CoreWiFi.framework/Versions/A/CoreWiFi
0x000000002d0fd000 	/System/Library/Frameworks/CoreBluetooth.framework/Versions/A/CoreBluetooth
0x000000002d0fd000 	/System/Library/Frameworks/CoreDisplay.framework/Versions/A/CoreDisplay
0x000000002d0fd000 	/System/Library/PrivateFrameworks/IOPresentment.framework/Versions/A/IOPresentment
0x000000002d0fd000 	/System/Library/PrivateFrameworks/DSExternalDisplay.framework/Versions/A/DSExternalDisplay
0x000000002d0fd000 	/System/Library/PrivateFrameworks/DebugSymbols.framework/Versions/A/DebugSymbols
0x000000002d0fd000 	/System/Library/PrivateFrameworks/CoreSymbolication.framework/Versions/A/CoreSymbolication
0x000000002d0fd000 	/System/Library/PrivateFrameworks/Symbolication.framework/Versions/A/Symbolication
0x000000002d0fd000 	/System/Library/PrivateFrameworks/AppleFSCompression.framework/Versions/A/AppleFSCompression
0x000000002d0fd000 	/System/Library/PrivateFrameworks/SpeechRecognitionCore.framework/Versions/A/SpeechRecognitionCore
0x000000002d0fd000 	/System/Library/PrivateFrameworks/ChunkingLibrary.framework/Versions/A/ChunkingLibrary
0x000000010d800000 	/Library/Java/JavaVirtualMachines/jdk1.8.0_74.jdk/Contents/Home/jre/lib/server/libjvm.dylib
0x000000002d0fd000 	/usr/lib/libstdc++.6.dylib
0x000000010c628000 	/Library/Java/JavaVirtualMachines/jdk1.8.0_74.jdk/Contents/Home/jre/lib/libverify.dylib
0x000000010c636000 	/Library/Java/JavaVirtualMachines/jdk1.8.0_74.jdk/Contents/Home/jre/lib/libjava.dylib
0x000000010c66c000 	/Library/Java/JavaVirtualMachines/jdk1.8.0_74.jdk/Contents/Home/jre/lib/libjdwp.dylib
0x000000010c6b7000 	/Library/Java/JavaVirtualMachines/jdk1.8.0_74.jdk/Contents/Home/jre/lib/libnpt.dylib
0x000000010c6c4000 	/Library/Java/JavaVirtualMachines/jdk1.8.0_74.jdk/Contents/Home/jre/lib/libzip.dylib
0x00000001297be000 	/System/Library/Frameworks/JavaVM.framework/Frameworks/JavaRuntimeSupport.framework/JavaRuntimeSupport
0x00000001297d8000 	/System/Library/Frameworks/JavaVM.framework/Versions/A/Frameworks/JavaNativeFoundation.framework/Versions/A/JavaNativeFoundation
0x000000010c7f2000 	/System/Library/Frameworks/JavaVM.framework/Versions/A/JavaVM
0x000000002d0fd000 	/System/Library/Frameworks/Carbon.framework/Versions/A/Carbon
0x000000011791c000 	/System/Library/PrivateFrameworks/JavaLaunching.framework/Versions/A/JavaLaunching
0x000000002d0fd000 	/System/Library/Frameworks/Carbon.framework/Versions/A/Frameworks/CommonPanels.framework/Versions/A/CommonPanels
0x000000002d0fd000 	/System/Library/Frameworks/Carbon.framework/Versions/A/Frameworks/Help.framework/Versions/A/Help
0x000000002d0fd000 	/System/Library/Frameworks/Carbon.framework/Versions/A/Frameworks/ImageCapture.framework/Versions/A/ImageCapture
0x000000002d0fd000 	/System/Library/Frameworks/Carbon.framework/Versions/A/Frameworks/OpenScripting.framework/Versions/A/OpenScripting
0x000000002d0fd000 	/System/Library/Frameworks/Carbon.framework/Versions/A/Frameworks/Print.framework/Versions/A/Print
0x000000002d0fd000 	/System/Library/Frameworks/Carbon.framework/Versions/A/Frameworks/SecurityHI.framework/Versions/A/SecurityHI
0x000000012b0ea000 	/Library/Java/JavaVirtualMachines/jdk1.8.0_74.jdk/Contents/Home/jre/lib/libdt_socket.dylib
0x000000012b607000 	/Library/Java/JavaVirtualMachines/jdk1.8.0_74.jdk/Contents/Home/jre/lib/libnio.dylib
0x000000012b619000 	/Library/Java/JavaVirtualMachines/jdk1.8.0_74.jdk/Contents/Home/jre/lib/./libnet.dylib
0x000000012b3e4000 	/Users/giovanni/repository/java-xal/correct-time-behavior/src/main/resources/lib/libz3java.dylib
0x000000012c4a8000 	/usr/local/lib/libz3.dylib

VM Arguments:
jvm_args: -agentlib:jdwp=transport=dt_socket,address=127.0.0.1:52882,suspend=y,server=n -ea -Djava.library.path=/Users/giovanni/repository/java-xal/correct-time-behavior/src/main/resources/lib -Didea.test.cyclic.buffer.size=1048576 -Dfile.encoding=UTF-8 
java_command: com.intellij.rt.execution.junit.JUnitStarter -ideVersion5 ModelCreator.TestTranslator,TestModel
java_class_path (initial): /Applications/IntelliJ IDEA.app/Contents/lib/idea_rt.jar:/Applications/IntelliJ IDEA.app/Contents/plugins/junit/lib/junit-rt.jar:/Library/Java/JavaVirtualMachines/jdk1.8.0_74.jdk/Contents/Home/jre/lib/charsets.jar:/Library/Java/JavaVirtualMachines/jdk1.8.0_74.jdk/Contents/Home/jre/lib/deploy.jar:/Library/Java/JavaVirtualMachines/jdk1.8.0_74.jdk/Contents/Home/jre/lib/ext/cldrdata.jar:/Library/Java/JavaVirtualMachines/jdk1.8.0_74.jdk/Contents/Home/jre/lib/ext/dnsns.jar:/Library/Java/JavaVirtualMachines/jdk1.8.0_74.jdk/Contents/Home/jre/lib/ext/jaccess.jar:/Library/Java/JavaVirtualMachines/jdk1.8.0_74.jdk/Contents/Home/jre/lib/ext/jfxrt.jar:/Library/Java/JavaVirtualMachines/jdk1.8.0_74.jdk/Contents/Home/jre/lib/ext/localedata.jar:/Library/Java/JavaVirtualMachines/jdk1.8.0_74.jdk/Contents/Home/jre/lib/ext/nashorn.jar:/Library/Java/JavaVirtualMachines/jdk1.8.0_74.jdk/Contents/Home/jre/lib/ext/sunec.jar:/Library/Java/JavaVirtualMachines/jdk1.8.0_74.jdk/Contents/Home/jre/lib/ext/sunjce_provider.jar:/Library/Java/JavaVirtualMachines/jdk1.8.0_74.jdk/Contents/Home/jre/lib/ext/sunpkcs11.jar:/Library/Java/JavaVirtualMachines/jdk1.8.0_74.jdk/Contents/Home/jre/lib/ext/zipfs.jar:/Library/Java/JavaVirtualMachines/jdk1.8.0_74.jdk/Contents/Home/jre/lib/javaws.jar:/Library/Java/JavaVirtualMachines/jdk1.8.0_74.jdk/Contents/Home/jre/lib/jce.jar:/Library/Java/JavaVirtualMachines/jdk1.8.0_74.jdk/Contents/Home/jre/lib/jfr.jar:/Library/Java/JavaVirtualMachines/jdk1.8.0_74.jdk/Contents/Home/jre/lib/jfxswt.jar:/Library/Java/JavaVirtualMachines/jdk1.8.0_74.jdk/Contents/Home/jre/lib/jsse.jar:/Library/Java/JavaVirtualMachines/jdk1.8.0_74.jdk/Contents/Home/jre/lib/management-agent.jar:/Library/Java/JavaVirtualMachines/jdk1.8.0_74.jdk/Contents/Home/jre/lib/plugin.jar:/Library/Java/JavaVirtualMachines/jdk1.8.0_74.jdk/Contents/Home/jre/lib/resources.jar:/Library/Java/JavaVirtualMachines/jdk1.8.0_74.jdk/Contents/Home/jre/lib/rt.jar:/Library/Java/JavaVirtualMachines/jdk1.8
Launcher Type: SUN_STANDARD

Environment Variables:
PATH=/Users/giovanni/.opam/4.00.1/bin:/Users/giovanni/go/bin:/usr/local/go/bin:/Users/giovanni/Library/Haskell/bin:/usr/local/sbin:/usr/local/bin:/usr/bin:/bin:/usr/sbin:/sbin
SHELL=/bin/zsh
DISPLAY=/private/tmp/com.apple.launchd.MJFXhiH83s/org.macosforge.xquartz:0

Signal Handlers:
SIGSEGV: [libjvm.dylib+0x5a6855], sa_mask[0]=11111111011111110111111111111111, sa_flags=SA_ONSTACK|SA_RESTART|SA_SIGINFO
SIGBUS: [libjvm.dylib+0x5a6855], sa_mask[0]=11111111011111110111111111111111, sa_flags=SA_RESTART|SA_SIGINFO
SIGFPE: [libjvm.dylib+0x4804ec], sa_mask[0]=11111111011111110111111111111111, sa_flags=SA_RESTART|SA_SIGINFO
SIGPIPE: [libjvm.dylib+0x4804ec], sa_mask[0]=11111111011111110111111111111111, sa_flags=SA_RESTART|SA_SIGINFO
SIGXFSZ: [libjvm.dylib+0x4804ec], sa_mask[0]=11111111011111110111111111111111, sa_flags=SA_RESTART|SA_SIGINFO
SIGILL: [libjvm.dylib+0x4804ec], sa_mask[0]=11111111011111110111111111111111, sa_flags=SA_RESTART|SA_SIGINFO
SIGUSR1: SIG_DFL, sa_mask[0]=00000000000000000000000000000000, sa_flags=none
SIGUSR2: [libjvm.dylib+0x48000a], sa_mask[0]=00100000000000000000000000000000, sa_flags=SA_RESTART|SA_SIGINFO
SIGHUP: [libjvm.dylib+0x47e5e1], sa_mask[0]=11111111011111110111111111111111, sa_flags=SA_RESTART|SA_SIGINFO
SIGINT: [libjvm.dylib+0x47e5e1], sa_mask[0]=11111111011111110111111111111111, sa_flags=SA_RESTART|SA_SIGINFO
SIGTERM: [libjvm.dylib+0x47e5e1], sa_mask[0]=11111111011111110111111111111111, sa_flags=SA_RESTART|SA_SIGINFO
SIGQUIT: [libjvm.dylib+0x47e5e1], sa_mask[0]=11111111011111110111111111111111, sa_flags=SA_RESTART|SA_SIGINFO


---------------  S Y S T E M  ---------------

OS:Bsduname:Darwin 16.6.0 Darwin Kernel Version 16.6.0: Fri Apr 14 16:21:16 PDT 2017; root:xnu-3789.60.24~6/RELEASE_X86_64 x86_64
rlimit: STACK 8192k, CORE 0k, NPROC 709, NOFILE 10240, AS infinity
load average:2.51 2.27 2.21

CPU:total 8 (4 cores per cpu, 2 threads per core) family 6 model 70 stepping 1, cmov, cx8, fxsr, mmx, sse, sse2, sse3, ssse3, sse4.1, sse4.2, popcnt, avx, avx2, aes, clmul, erms, lzcnt, ht, tsc, tscinvbit, bmi1, bmi2

Memory: 4k page, physical 16777216k(3582996k free)

/proc/meminfo:


vm_info: Java HotSpot(TM) 64-Bit Server VM (25.74-b02) for bsd-amd64 JRE (1.8.0_74-b02), built on Jan 29 2016 15:32:34 by "java_re" with gcc 4.2.1 (Based on Apple Inc. build 5658) (LLVM build 2336.11.00)

time: Mon Jul 17 13:56:54 2017
elapsed time: 9 seconds (0d 0h 0m 9s)

